[2015-09-17 13:32:52] START
[2015-09-17 14:07:11] CREATE dbascli.py: 0
[2015-09-17 14:17:36] EDIT ascli/models/dbascli.py: 4
[2015-09-17 14:39:56] EDIT ascli/models/dbascli.py: 7
[2015-09-17 16:43:10] EDIT ascli/models/dbascli.py: 0
[2015-09-17 16:45:13] EDIT ascli/models/dbascli.py: 0
[2015-09-17 16:45:41] EDIT ascli/models/dbascli.py: 0
[2015-09-17 16:46:10] EDIT ascli/models/dbascli.py: 0
[2015-09-17 16:46:57] EDIT ascli/models/dbascli.py: 0
[2015-09-17 16:47:03] EDIT ascli/models/dbascli.py: 0
[2015-09-17 16:47:38] EDIT ascli/models/dbascli.py: 0
[2015-09-17 16:47:39] EDIT ascli/models/dbascli.py: 0
[2015-09-17 16:47:44] EDIT ascli/models/dbascli.py: 0
[2015-09-17 16:48:21] EDIT ascli/models/dbascli.py: 0
[2015-09-17 16:48:46] EDIT ascli/models/dbascli.py: 0
[2015-09-17 16:48:48] EDIT ascli/models/dbascli.py: 0
[2015-09-17 16:49:02] EDIT ascli/models/dbascli.py: -4
[2015-09-17 16:49:16] EDIT ascli/models/dbascli.py: 4
[2015-09-17 16:49:18] EDIT ascli/models/dbascli.py: 0
[2015-09-17 17:45:37] EDIT ascli/models/dbascli.py: 451
[2015-09-17 17:50:42] EDIT ascli/models/dbascli.py: 0
[2015-09-17 17:52:21] EDIT ascli/models/dbascli.py: 0
[2015-09-17 17:52:30] EDIT ascli/models/dbascli.py: 0
[2015-09-17 17:54:23] EDIT ascli/models/dbascli.py: 0
[2015-09-17 17:56:11] EDIT ascli/models/dbascli.py: 0
[2015-09-17 17:57:15] CREATE empleados.py: 0
[2015-09-17 17:58:37] EDIT ascli/controllers/empleados.py: 3
[2015-09-17 18:01:39] EDIT ascli/models/menu.py: 5
[2015-09-17 18:02:39] EDIT ascli/models/menu.py: 0
[2015-09-17 18:02:41] EDIT ascli/models/menu.py: 0
[2015-09-17 18:02:54] EDIT ascli/models/menu.py: 0
[2015-09-17 18:03:14] EDIT ascli/models/menu.py: 0
[2015-09-17 18:03:23] EDIT ascli/models/menu.py: 0
[2015-09-17 18:03:27] EDIT ascli/models/menu.py: 0
[2015-09-17 18:03:35] EDIT ascli/models/menu.py: 0
[2015-09-17 18:58:37] EDIT ascli/models/dbascli.py: 0
[2015-09-17 19:00:20] EDIT ascli/models/dbascli.py: 0
[2015-09-17 19:11:29] DELETE ascli/models/dbascli.py: -462
[2015-09-17 19:11:48] CREATE dbascli.py: 0
[2015-09-17 19:12:03] EDIT ascli/models/dbascli.py: 458
[2015-09-17 19:16:05] EDIT ascli/controllers/empleados.py: 0
[2015-09-17 19:19:49] EDIT ascli/controllers/empleados.py: 0
[2016-07-23 09:41:14] EDIT ascli/models/dbascli.py: 0
[2016-07-23 09:53:42] EDIT ascli/models/dbascli.py: 0
[2016-07-23 09:54:03] EDIT ascli/models/dbascli.py: 0
[2016-07-23 09:54:37] EDIT ascli/models/dbascli.py: 0
[2016-07-23 09:55:55] EDIT ascli/controllers/empleados.py: 0
[2016-07-23 10:00:10] EDIT ascli/models/dbascli.py: 0
[2016-07-23 10:32:00] EDIT ascli/models/menu.py: 1
[2016-07-23 10:32:26] CREATE clientes.py: 0
[2016-07-23 10:33:05] EDIT ascli/controllers/clientes.py: 3
[2016-07-23 10:33:15] EDIT ascli/models/menu.py: 0
[2016-07-23 10:33:46] EDIT ascli/models/menu.py: 0
[2016-07-23 11:39:32] EDIT ascli/models/menu.py: 2
[2016-07-23 11:40:43] EDIT ascli/models/menu.py: 0
[2016-07-23 11:41:17] EDIT ascli/models/menu.py: 0
[2016-07-28 04:55:19] CREATE Productos.py: 0
[2016-07-28 04:55:47] CREATE Proveedores.py: 0
[2016-07-28 04:57:06] EDIT ascli/controllers/Productos.py: 2
[2016-07-28 04:58:54] EDIT ascli/controllers/Productos.py: 0
[2016-07-28 04:58:56] EDIT ascli/controllers/Productos.py: 0
[2016-07-28 04:58:59] EDIT ascli/controllers/empleados.py: 0
[2016-07-28 04:59:18] EDIT ascli/controllers/Productos.py: 1
[2016-07-28 05:00:00] EDIT ascli/controllers/Proveedores.py: 3
[2016-07-28 05:01:27] EDIT ascli/models/menu.py: 2
[2016-07-28 05:02:05] EDIT ascli/models/menu.py: 0
[2016-07-28 05:03:25] EDIT ascli/models/menu.py: 6
[2016-07-28 05:03:58] EDIT ascli/models/menu.py: 0
[2016-07-28 05:06:51] EDIT ascli/models/menu.py: 4
[2016-07-28 05:10:28] CREATE categorias_productos.py: 0
[2016-07-28 05:10:40] CREATE cargo.py: 0
[2016-07-28 05:10:49] CREATE gastos.py: 0
[2016-07-28 05:11:00] CREATE permisos.py: 0
[2016-07-28 05:11:11] CREATE estado.py: 0
[2016-07-28 05:11:21] CREATE periodo_pagos.py: 0
[2016-07-28 05:11:47] CREATE tipo_ubicacion.py: 0
[2016-07-28 05:12:05] CREATE turno_empleado.py: 0
[2016-07-28 05:13:19] EDIT ascli/models/menu.py: 0
[2016-07-28 05:15:15] EDIT ascli/controllers/turno_empleado.py: 3
[2016-07-28 05:17:27] EDIT ascli/controllers/turno_empleado.py: 0
[2016-07-28 05:18:09] EDIT ascli/controllers/Productos.py: 0
[2016-07-28 05:18:30] EDIT ascli/controllers/tipo_ubicacion.py: 3
[2016-07-28 05:18:16] EDIT ascli/controllers/permisos.py: 3
[2016-07-28 05:19:45] EDIT ascli/controllers/cargo.py: 3
[2016-07-28 05:19:58] EDIT ascli/controllers/categorias_productos.py: 3
[2016-07-28 05:20:40] EDIT ascli/controllers/gastos.py: 3
[2016-07-28 05:21:02] EDIT ascli/controllers/permisos.py: 0
[2016-07-28 05:21:14] EDIT ascli/controllers/estado.py: 3
[2016-07-28 05:22:06] EDIT ascli/controllers/estado.py: 0
[2016-07-28 05:22:43] EDIT ascli/controllers/Proveedores.py: 0
[2016-07-28 05:23:05] EDIT ascli/controllers/periodo_pagos.py: 3
[2016-07-28 05:23:07] EDIT ascli/controllers/periodo_pagos.py: 0
[2016-07-28 05:23:07] EDIT ascli/controllers/periodo_pagos.py: 0
[2016-08-24 21:46:10] CREATE ventas.py: 0
[2016-08-26 15:58:49] EDIT ascli/models/menu.py: 6
[2016-08-26 15:58:55] EDIT ascli/models/menu.py: 0
[2016-08-26 15:59:50] EDIT ascli/models/menu.py: 0
[2016-08-26 16:20:59] CREATE prueba.py: 0
[2016-08-26 16:21:49] EDIT ascli/models/prueba.py: 10
[2016-08-26 16:22:28] CREATE pantrallaprueba.py: 0
[2016-08-26 16:22:47] EDIT ascli/controllers/pantrallaprueba.py: 4
[2016-08-26 16:24:52] CREATE patallaprueba/index.html: 0
[2016-08-26 16:25:16] EDIT ascli/views/patallaprueba/index.html: -1
[2016-08-26 16:26:20] EDIT ascli/models/menu.py: 0
[2016-08-26 16:27:00] EDIT ascli/models/menu.py: 0
[2016-08-26 16:31:41] DELETE ascli/controllers/pantrallaprueba.py: -5
[2016-08-26 16:32:00] CREATE pantallaprueba.py: 0
[2016-08-26 16:32:19] EDIT ascli/controllers/pantallaprueba.py: 4
[2016-08-26 16:42:09] EDIT ascli/controllers/pantallaprueba.py: 5
[2016-08-26 17:01:44] EDIT ascli/controllers/pantallaprueba.py: -5
[2016-08-26 17:02:03] CREATE person.py: 0
[2016-08-26 17:04:09] EDIT ascli/controllers/default.py: 8
[2016-08-26 17:04:36] EDIT ascli/controllers/default.py: 0
[2016-08-26 17:06:11] EDIT ascli/controllers/default.py: -4
[2016-08-26 17:34:58] EDIT ascli/controllers/default.py: -4
[2016-08-26 17:36:34] EDIT ascli/models/person.py: 5
[2016-08-26 17:49:02] CREATE person.py: 0
[2016-08-26 17:49:29] EDIT ascli/controllers/person.py: 8
[2016-08-26 17:50:07] EDIT ascli/models/menu.py: 0
[2016-08-26 17:51:38] CREATE person.html: 0
[2016-08-26 17:52:00] EDIT ascli/views/person.html: 26
[2016-08-26 17:53:00] EDIT ascli/controllers/person.py: -4
[2016-08-26 17:57:50] EDIT ascli/controllers/person.py: 0
[2016-08-26 18:00:56] EDIT ascli/views/person.html: 0
[2016-08-26 18:01:44] EDIT ascli/controllers/person.py: 6
[2016-08-26 18:02:04] EDIT ascli/controllers/person.py: 0
[2016-08-26 18:02:50] EDIT ascli/controllers/person.py: 0
[2016-08-26 18:03:00] EDIT ascli/controllers/person.py: 0
[2016-08-26 18:03:46] EDIT ascli/controllers/person.py: -6
[2016-08-26 18:04:02] EDIT ascli/controllers/person.py: 0
[2016-08-26 18:04:50] EDIT ascli/views/person.html: 0
[2016-08-26 18:04:50] EDIT ascli/views/person.html: 0
[2016-08-26 18:06:57] CREATE hijo.html: 0
[2016-08-26 18:07:09] EDIT ascli/views/hijo.html: 26
[2016-08-26 18:12:22] DELETE ascli/views/patallaprueba/index.html: -2
[2016-08-26 18:12:52] EDIT ascli/models/menu.py: 0
[2016-08-26 18:13:47] EDIT ascli/models/menu.py: 0
[2016-08-26 18:18:18] EDIT ascli/models/menu.py: 0
[2016-08-26 18:18:32] EDIT ascli/models/menu.py: 0
[2016-08-26 18:18:35] EDIT ascli/models/menu.py: 0
[2016-08-26 18:25:06] CREATE person/index.html: 0
[2016-08-26 18:25:18] EDIT ascli/views/person/index.html: 26
[2016-08-26 18:25:48] DELETE ascli/views/hijo.html: -29
[2016-08-26 18:25:55] DELETE ascli/views/person.html: -29
[2016-08-26 18:29:37] EDIT ascli/views/person/index.html: 4
[2016-08-26 18:30:36] EDIT ascli/views/person/index.html: 0
[2016-08-26 18:31:26] EDIT ascli/controllers/person.py: 4
[2016-08-26 19:43:58] EDIT ascli/controllers/person.py: -3
[2016-08-26 19:44:30] EDIT ascli/views/person/index.html: 0
[2016-08-26 19:44:32] EDIT ascli/controllers/person.py: 0
[2016-08-26 19:44:42] EDIT ascli/controllers/person.py: 0
[2016-08-26 19:45:09] EDIT ascli/controllers/person.py: 0
[2016-08-26 19:45:12] EDIT ascli/controllers/person.py: 0
[2016-08-26 19:45:24] EDIT ascli/controllers/person.py: -1
[2016-08-26 19:46:01] EDIT ascli/views/person/index.html: 0
[2016-08-26 19:46:02] EDIT ascli/views/person/index.html: 0
[2016-08-26 19:47:02] EDIT ascli/views/person/index.html: 0
[2016-08-26 19:48:54] EDIT ascli/views/person/index.html: 0
[2016-08-26 19:51:57] EDIT ascli/models/prueba.py: -1
[2016-08-26 19:52:48] EDIT ascli/models/menu.py: 0
[2016-08-26 19:59:39] EDIT ascli/views/person/index.html: 0
[2016-08-26 19:59:39] EDIT ascli/views/person/index.html: 0
[2016-08-26 20:01:31] EDIT ascli/views/person/index.html: -10
[2016-08-26 20:02:43] EDIT ascli/controllers/person.py: 3
[2016-08-26 20:03:43] EDIT ascli/controllers/person.py: 0
[2016-08-26 20:11:06] EDIT ascli/controllers/person.py: 3
[2016-08-26 20:12:05] EDIT ascli/controllers/pantallaprueba.py: 3
[2016-08-26 20:12:55] EDIT ascli/controllers/pantallaprueba.py: 0
[2016-08-26 20:19:38] EDIT ascli/views/person/index.html: 6
[2016-08-26 20:20:06] EDIT ascli/views/person/index.html: 0
[2016-08-26 20:20:06] EDIT ascli/views/person/index.html: 0
[2016-08-26 20:21:47] EDIT ascli/views/person/index.html: 14
[2016-08-26 20:23:53] EDIT ascli/views/person/index.html: 0
[2016-08-26 20:30:36] EDIT ascli/controllers/person.py: -3
[2016-08-26 20:30:36] EDIT ascli/controllers/person.py: 0
[2016-08-26 20:30:37] EDIT ascli/controllers/person.py: 0
[2016-08-26 20:30:38] EDIT ascli/controllers/person.py: 0
[2016-08-26 20:30:38] EDIT ascli/controllers/person.py: 0
[2016-08-26 20:31:17] EDIT ascli/controllers/person.py: 0
[2016-08-26 20:32:25] EDIT ascli/controllers/person.py: 0
[2016-08-27 08:13:16] EDIT ascli/models/prueba.py: 0
[2016-08-27 08:17:33] EDIT ascli/models/prueba.py: 0
[2016-08-27 08:17:51] EDIT ascli/models/prueba.py: 0
[2016-08-27 08:19:49] EDIT ascli/models/prueba.py: 0
[2016-08-27 08:21:43] EDIT ascli/models/prueba.py: -2
[2016-08-27 08:23:32] EDIT ascli/controllers/pantallaprueba.py: 0
[2016-08-27 08:25:56] EDIT ascli/controllers/person.py: 0
[2016-08-27 08:27:02] EDIT ascli/controllers/pantallaprueba.py: 0
[2016-08-27 08:28:05] EDIT ascli/controllers/pantallaprueba.py: 0
[2016-08-27 08:29:18] EDIT ascli/views/person/index.html: -15
[2016-08-27 08:30:35] EDIT ascli/views/person/index.html: 8
[2016-08-27 08:31:52] EDIT ascli/views/person/index.html: 0
[2016-08-27 08:33:33] EDIT ascli/views/person/index.html: -8
[2016-08-27 08:35:31] EDIT ascli/views/person/index.html: -1
[2016-08-27 08:36:27] EDIT ascli/views/person/index.html: 0
[2016-08-27 08:36:36] EDIT ascli/views/person/index.html: 0
[2016-08-27 08:37:50] EDIT ascli/views/person/index.html: 8
[2016-08-27 08:38:56] EDIT ascli/controllers/person.py: 4
[2016-08-27 09:02:37] CREATE Temporales.py: 0
[2016-08-27 09:03:04] EDIT ascli/models/Temporales.py: 11
[2016-08-27 09:03:51] EDIT ascli/controllers/pantallaprueba.py: 0
[2016-08-27 09:04:57] EDIT ascli/models/Temporales.py: 0
[2016-08-27 09:05:57] DELETE ascli/models/Temporales.py: -11
[2016-08-27 09:06:06] CREATE temporales.py: 0
[2016-08-27 09:06:19] EDIT ascli/models/temporales.py: 11
[2016-08-27 09:07:05] EDIT ascli/models/temporales.py: 0
[2016-08-27 09:21:48] EDIT ascli/views/person/index.html: 12
[2016-08-27 09:22:24] EDIT ascli/views/person/index.html: 0
[2016-08-27 09:23:43] EDIT ascli/views/person/index.html: -12
[2016-08-27 09:28:11] EDIT ascli/views/person/index.html: 3
[2016-08-27 09:28:58] EDIT ascli/views/person/index.html: 0
[2016-08-27 09:35:15] EDIT ascli/views/person/index.html: 3
[2016-08-27 09:35:44] EDIT ascli/views/person/index.html: 0
[2016-08-27 09:38:53] EDIT ascli/views/person/index.html: 0
[2016-08-27 09:39:44] EDIT ascli/views/person/index.html: 0
[2016-08-27 09:40:54] EDIT ascli/views/person/index.html: 0
[2016-08-27 10:08:05] EDIT ascli/views/person/index.html: 15
[2016-08-27 10:10:43] EDIT ascli/views/person/index.html: 16
[2016-08-27 10:15:29] EDIT ascli/views/person/index.html: -3
[2016-08-27 10:18:27] EDIT ascli/views/person/index.html: 4
[2016-08-27 10:18:47] EDIT ascli/views/person/index.html: 0
[2016-08-27 10:19:04] EDIT ascli/views/person/index.html: 0
[2016-08-27 10:20:44] EDIT ascli/views/person/index.html: 1
[2016-08-27 10:21:20] EDIT ascli/views/person/index.html: 0
[2016-08-27 10:21:21] EDIT ascli/views/person/index.html: 0
[2016-08-27 10:21:22] EDIT ascli/views/person/index.html: 0
[2016-08-27 10:22:27] EDIT ascli/views/person/index.html: 0
[2016-08-27 10:22:36] EDIT ascli/views/person/index.html: 0
[2016-08-27 10:26:57] EDIT ascli/views/person/index.html: 0
[2016-08-27 10:29:08] EDIT ascli/views/person/index.html: 0
[2016-08-27 10:29:32] EDIT ascli/views/person/index.html: 0
[2016-08-27 10:33:23] EDIT ascli/views/person/index.html: 0
[2016-08-27 10:33:39] EDIT ascli/views/person/index.html: 0
[2016-08-27 10:33:50] EDIT ascli/views/person/index.html: 0
[2016-08-27 10:34:35] EDIT ascli/views/person/index.html: 0
[2016-08-27 10:35:01] EDIT ascli/views/person/index.html: 0
[2016-08-27 10:35:08] EDIT ascli/views/person/index.html: 0
[2016-08-27 10:50:47] EDIT ascli/views/person/index.html: 3
[2016-08-27 10:51:19] EDIT ascli/views/person/index.html: 0
[2016-08-27 10:54:33] EDIT ascli/views/person/index.html: 0
[2016-08-27 10:54:33] EDIT ascli/views/person/index.html: 0
[2016-08-27 10:54:59] EDIT ascli/views/person/index.html: -3
[2016-08-27 10:55:53] EDIT ascli/views/person/index.html: 0
[2016-08-27 11:00:50] EDIT ascli/views/person/index.html: 0
[2016-08-27 11:07:52] EDIT ascli/views/person/index.html: 359
[2016-08-27 11:09:03] EDIT ascli/views/person/index.html: 1
[2016-08-27 17:04:28] EDIT ascli/views/person/index.html: 4
[2016-08-27 17:04:30] EDIT ascli/views/person/index.html: 0
[2016-08-27 17:05:52] EDIT ascli/views/person/index.html: 3
[2016-08-29 07:09:06] CREATE ventas/index-html.html: 0
[2016-08-29 07:09:16] DELETE ascli/views/ventas/index-html.html: -3
[2016-08-29 07:09:47] CREATE ventas/index.html: 0
[2016-08-29 07:44:25] UPLOAD C:/web2py/applications/ascli/static/css/ccstablas.css: 360
[2016-08-29 07:45:25] EDIT ascli/views/person/index.html: -359
[2016-08-29 07:45:52] EDIT ascli/views/person/index.html: 0
[2016-08-29 07:48:57] EDIT ascli/views/person/index.html: 0
[2016-08-29 07:49:55] EDIT ascli/views/person/index.html: 0
[2016-08-29 07:50:06] EDIT ascli/views/person/index.html: 0
[2016-08-29 07:53:02] EDIT ascli/views/person/index.html: 3
[2016-08-29 07:53:24] EDIT ascli/views/person/index.html: -1
[2016-08-29 08:22:13] EDIT ascli/views/person/index.html: 0
[2016-08-29 08:22:46] EDIT ascli/static/css/ccstablas.css: 0
[2016-08-29 08:23:07] EDIT ascli/static/css/ccstablas.css: 0
[2016-08-29 08:23:10] EDIT ascli/views/person/index.html: 0
[2016-08-29 08:27:01] EDIT ascli/views/person/index.html: -2
[2016-08-29 12:46:48] EDIT ascli/views/person/index.html: 7
[2016-08-29 12:47:36] EDIT ascli/views/person/index.html: 0
[2016-08-29 12:47:54] EDIT ascli/views/person/index.html: 0
[2016-08-29 12:48:05] EDIT ascli/views/person/index.html: 0
[2016-08-29 12:49:15] EDIT ascli/views/person/index.html: 0
[2016-08-29 12:50:27] EDIT ascli/views/person/index.html: 0
[2016-08-29 12:52:37] CREATE json/Spanish.json: 0
[2016-08-29 12:53:48] EDIT ascli/static/json/Spanish.json: 24
[2016-08-29 12:55:05] EDIT ascli/views/person/index.html: 1
[2016-08-29 12:55:28] EDIT ascli/views/person/index.html: 0
[2016-08-29 12:55:46] EDIT ascli/views/person/index.html: 0
[2016-08-29 12:56:57] EDIT ascli/views/person/index.html: 2
[2016-08-29 12:57:47] EDIT ascli/views/person/index.html: 2
[2016-08-29 14:05:21] EDIT ascli/views/person/index.html: 0
[2016-08-29 14:08:46] EDIT ascli/views/person/index.html: -2
[2016-08-29 14:09:41] EDIT ascli/views/person/index.html: -3
[2016-08-29 15:17:54] EDIT ascli/models/temporales.py: -1
[2016-08-29 15:20:21] EDIT ascli/views/ventas/index.html: 88
[2016-08-29 15:20:32] EDIT ascli/views/ventas/index.html: 0
[2016-08-29 15:21:04] EDIT ascli/views/ventas/index.html: 0
[2016-08-29 15:22:35] EDIT ascli/controllers/ventas.py: 8
[2016-08-29 15:24:33] EDIT ascli/static/json/Spanish.json: 0
[2016-08-29 15:26:55] EDIT ascli/views/ventas/index.html: 0
[2016-08-30 11:46:40] EDIT ascli/views/ventas/index.html: 34
[2016-08-30 11:50:24] EDIT ascli/views/ventas/index.html: 1
[2016-08-30 11:51:02] EDIT ascli/views/ventas/index.html: 4
[2016-08-30 11:51:26] EDIT ascli/views/ventas/index.html: 2
[2016-08-30 11:51:30] EDIT ascli/views/ventas/index.html: 0
[2016-08-30 11:52:47] EDIT ascli/views/ventas/index.html: 0
[2016-08-30 11:54:36] EDIT ascli/views/ventas/index.html: 4
[2016-08-30 11:58:50] EDIT ascli/views/ventas/index.html: -1
[2016-08-30 12:01:56] EDIT ascli/controllers/ventas.py: 14
[2016-08-30 12:02:26] EDIT ascli/controllers/ventas.py: 0
[2016-08-31 05:22:08] EDIT ascli/views/ventas/index.html: 6
[2016-08-31 05:26:46] EDIT ascli/views/ventas/index.html: 0
[2016-08-31 05:33:36] EDIT ascli/controllers/ventas.py: 6
[2016-08-31 05:34:47] EDIT ascli/controllers/ventas.py: 0
[2016-08-31 05:34:50] EDIT ascli/views/ventas/index.html: 5
[2016-08-31 05:37:07] EDIT ascli/controllers/ventas.py: 0
[2016-08-31 05:41:39] EDIT ascli/views/ventas/index.html: 12
[2016-08-31 05:41:43] EDIT ascli/controllers/ventas.py: 0
[2016-08-31 05:43:58] EDIT ascli/views/ventas/index.html: -5
[2016-08-31 05:48:33] EDIT ascli/controllers/ventas.py: -1
[2016-09-13 17:20:10] EDIT ascli/controllers/ventas.py: 3
[2016-09-13 17:26:37] EDIT ascli/views/ventas/index.html: 4
[2016-09-13 17:27:43] EDIT ascli/views/ventas/index.html: 0
[2016-09-13 17:33:21] EDIT ascli/views/ventas/index.html: 3
[2016-09-13 17:35:12] EDIT ascli/views/ventas/index.html: 0
[2016-09-13 17:37:21] EDIT ascli/views/ventas/index.html: 0
[2016-09-13 17:42:59] EDIT ascli/views/ventas/index.html: 3
[2016-09-13 17:45:13] EDIT ascli/views/ventas/index.html: 0
[2016-09-13 17:45:30] EDIT ascli/views/ventas/index.html: 0
[2016-09-13 17:45:40] EDIT ascli/views/ventas/index.html: 0
[2016-09-13 17:45:50] EDIT ascli/views/ventas/index.html: 0
[2016-09-13 17:46:59] EDIT ascli/views/ventas/index.html: 0
[2016-09-13 17:49:22] EDIT ascli/views/ventas/index.html: 0
[2016-09-13 17:52:03] EDIT ascli/views/ventas/index.html: 0
[2016-09-13 17:56:10] EDIT ascli/views/ventas/index.html: 0
[2016-09-13 17:56:29] EDIT ascli/views/ventas/index.html: 0
[2016-09-13 17:57:10] EDIT ascli/views/ventas/index.html: 0
[2016-09-13 17:59:02] EDIT ascli/controllers/ventas.py: 1
[2016-09-13 18:01:58] EDIT ascli/views/ventas/index.html: 66
[2016-09-13 18:03:09] EDIT ascli/views/ventas/index.html: -2
[2016-09-13 18:09:28] EDIT ascli/views/ventas/index.html: -18
[2016-09-13 18:09:45] EDIT ascli/views/ventas/index.html: 0
[2016-09-13 18:10:49] EDIT ascli/views/ventas/index.html: 0
[2016-09-13 18:11:00] EDIT ascli/views/ventas/index.html: 0
[2016-09-13 18:11:52] EDIT ascli/views/ventas/index.html: -46
[2016-09-13 18:13:00] EDIT ascli/views/ventas/index.html: 0
[2016-09-13 18:14:26] EDIT ascli/views/ventas/index.html: 2
[2016-09-13 18:14:49] EDIT ascli/views/ventas/index.html: 0
[2016-09-13 18:15:25] EDIT ascli/views/ventas/index.html: 0
[2016-09-13 18:16:28] EDIT ascli/views/ventas/index.html: 0
[2016-09-13 18:17:37] EDIT ascli/views/ventas/index.html: 0
[2016-09-13 18:21:09] EDIT ascli/views/ventas/index.html: 0
[2016-09-13 18:21:55] EDIT ascli/views/ventas/index.html: 0
[2016-09-13 18:23:17] EDIT ascli/views/ventas/index.html: 1
[2016-09-13 18:23:20] EDIT ascli/views/ventas/index.html: 0
[2016-09-13 18:28:13] EDIT ascli/views/ventas/index.html: -1
[2016-09-13 18:28:42] EDIT ascli/views/ventas/index.html: 0
[2016-09-13 18:29:20] EDIT ascli/views/ventas/index.html: 0
[2016-09-13 18:31:09] EDIT ascli/views/ventas/index.html: 0
[2016-09-13 18:32:07] EDIT ascli/views/ventas/index.html: 0
[2016-09-13 18:32:14] EDIT ascli/views/ventas/index.html: 0
[2016-09-13 18:33:06] EDIT ascli/views/ventas/index.html: 0
[2016-09-13 18:34:03] EDIT ascli/views/ventas/index.html: 1
[2016-09-13 18:34:38] EDIT ascli/views/ventas/index.html: 0
[2016-09-13 18:35:27] EDIT ascli/views/ventas/index.html: 0
[2016-09-13 18:35:36] EDIT ascli/views/ventas/index.html: 0
[2016-09-13 18:39:25] EDIT ascli/views/ventas/index.html: 0
[2016-09-13 18:39:35] EDIT ascli/views/ventas/index.html: -1
[2016-09-13 18:40:08] EDIT ascli/views/ventas/index.html: 0
[2016-09-13 18:42:33] EDIT ascli/views/ventas/index.html: 0
[2016-09-14 08:44:01] EDIT ascli/views/ventas/index.html: 0
[2016-09-14 08:46:55] EDIT ascli/views/ventas/index.html: 15
[2016-09-14 08:47:46] EDIT ascli/views/ventas/index.html: 0
[2016-09-14 08:49:17] EDIT ascli/views/ventas/index.html: 0
[2016-09-14 08:50:05] EDIT ascli/views/ventas/index.html: -1
[2016-09-14 08:58:24] EDIT ascli/views/ventas/index.html: 2
[2016-09-14 08:59:40] EDIT ascli/views/ventas/index.html: -1
[2016-09-14 09:00:48] EDIT ascli/views/ventas/index.html: -5
[2016-09-14 09:03:02] EDIT ascli/views/ventas/index.html: 0
[2016-09-14 09:04:04] EDIT ascli/views/ventas/index.html: 1
[2016-09-14 09:04:27] EDIT ascli/views/ventas/index.html: 0
[2016-09-14 09:06:59] EDIT ascli/views/ventas/index.html: 0
[2016-09-14 09:09:27] EDIT ascli/views/ventas/index.html: 0
[2016-09-14 09:11:05] EDIT ascli/views/ventas/index.html: -2
[2016-09-14 09:14:14] EDIT ascli/views/ventas/index.html: -5
[2016-09-14 09:15:26] EDIT ascli/views/ventas/index.html: 0
[2016-09-14 09:16:12] EDIT ascli/views/ventas/index.html: 0
[2016-09-14 09:16:49] EDIT ascli/views/ventas/index.html: 0
[2016-09-14 09:17:30] EDIT ascli/views/ventas/index.html: 0
[2016-09-14 09:18:27] EDIT ascli/views/ventas/index.html: 0
[2016-09-14 09:18:42] EDIT ascli/views/ventas/index.html: 0
[2016-09-14 09:19:44] EDIT ascli/views/ventas/index.html: 1
[2016-09-14 09:20:46] EDIT ascli/views/ventas/index.html: 0
[2016-09-14 09:22:24] EDIT ascli/views/ventas/index.html: 1
[2016-09-14 09:22:44] EDIT ascli/views/ventas/index.html: 0
[2016-09-14 09:23:24] EDIT ascli/views/ventas/index.html: 0
[2016-09-14 09:24:14] EDIT ascli/views/ventas/index.html: 0
[2016-09-14 09:25:52] EDIT ascli/views/ventas/index.html: 0
[2016-09-14 09:40:06] EDIT ascli/views/ventas/index.html: 8
[2016-09-14 09:41:15] EDIT ascli/views/ventas/index.html: 0
[2016-09-14 09:41:43] EDIT ascli/views/ventas/index.html: 0
[2016-09-14 09:42:16] EDIT ascli/views/ventas/index.html: 0
[2016-09-14 09:44:41] EDIT ascli/views/ventas/index.html: 2
[2016-09-14 09:46:18] EDIT ascli/views/ventas/index.html: -3
[2016-09-14 09:47:08] EDIT ascli/views/ventas/index.html: 1
[2016-09-14 09:47:40] EDIT ascli/views/ventas/index.html: 0
[2016-09-14 09:49:13] EDIT ascli/views/ventas/index.html: -1
[2016-09-14 09:49:17] EDIT ascli/views/ventas/index.html: 0
[2016-09-14 09:50:19] EDIT ascli/views/ventas/index.html: 0
[2016-09-14 09:53:35] EDIT ascli/views/ventas/index.html: 0
[2016-09-14 10:39:00] EDIT ascli/views/ventas/index.html: 7
[2016-09-14 10:40:47] EDIT ascli/views/ventas/index.html: 0
[2016-09-14 10:42:17] EDIT ascli/views/ventas/index.html: 2
[2016-09-14 10:42:31] EDIT ascli/views/ventas/index.html: 0
[2016-09-14 10:47:53] EDIT ascli/views/ventas/index.html: 5
[2016-09-14 10:48:10] EDIT ascli/views/ventas/index.html: 0
[2016-09-14 10:49:01] EDIT ascli/views/ventas/index.html: 0
[2016-09-14 10:49:53] EDIT ascli/views/ventas/index.html: 1
[2016-09-14 10:50:49] EDIT ascli/views/ventas/index.html: 0
[2016-09-14 10:51:38] EDIT ascli/views/ventas/index.html: 0
[2016-09-14 10:59:20] EDIT ascli/views/ventas/index.html: 0
[2016-09-14 11:00:06] EDIT ascli/views/ventas/index.html: 0
[2016-09-14 11:03:42] EDIT ascli/views/ventas/index.html: 8
[2016-09-14 11:39:53] EDIT ascli/views/ventas/index.html: 0
[2016-09-14 11:57:20] EDIT ascli/controllers/ventas.py: 0
[2016-09-14 11:57:56] EDIT ascli/controllers/ventas.py: 0
[2016-09-14 11:59:03] EDIT ascli/controllers/ventas.py: 0
[2016-09-14 12:09:48] EDIT ascli/controllers/ventas.py: 0
[2016-09-14 12:10:34] EDIT ascli/views/ventas/index.html: 0
[2016-09-14 12:11:48] EDIT ascli/views/ventas/index.html: 0
[2016-09-14 12:13:42] EDIT ascli/views/ventas/index.html: 0
[2016-09-14 12:14:06] EDIT ascli/views/ventas/index.html: 0
[2016-09-14 12:14:39] EDIT ascli/views/ventas/index.html: 0
[2016-09-14 12:14:44] EDIT ascli/views/ventas/index.html: 0
[2016-09-14 12:15:10] EDIT ascli/views/ventas/index.html: 0
[2016-09-14 12:16:13] EDIT ascli/views/ventas/index.html: -2
[2016-09-14 12:16:43] EDIT ascli/views/ventas/index.html: 0
[2016-09-14 12:17:36] EDIT ascli/views/ventas/index.html: 0
[2016-09-14 12:18:04] EDIT ascli/views/ventas/index.html: 0
[2016-09-14 12:19:05] EDIT ascli/views/ventas/index.html: 0
[2016-09-14 12:26:40] EDIT ascli/views/ventas/index.html: 38
[2016-09-14 12:27:58] EDIT ascli/views/ventas/index.html: 1
[2016-09-14 12:28:06] EDIT ascli/views/ventas/index.html: 0
[2016-09-14 12:28:26] EDIT ascli/controllers/ventas.py: 0
[2016-09-14 12:29:37] EDIT ascli/views/ventas/index.html: 1
[2016-09-14 12:31:22] EDIT ascli/views/ventas/index.html: 0
[2016-09-14 12:33:00] EDIT ascli/views/ventas/index.html: -29
[2016-09-14 12:33:28] EDIT ascli/views/ventas/index.html: 0
[2016-09-14 12:35:42] EDIT ascli/views/ventas/index.html: -4
[2016-09-14 12:36:32] EDIT ascli/views/ventas/index.html: 0
[2016-09-14 12:37:44] EDIT ascli/views/ventas/index.html: 0
[2016-09-14 12:38:53] EDIT ascli/views/ventas/index.html: 0
[2016-09-14 12:41:43] EDIT ascli/views/ventas/index.html: -1
[2016-09-14 12:45:44] EDIT ascli/views/ventas/index.html: 0
[2016-09-14 12:46:38] EDIT ascli/views/ventas/index.html: 0
[2016-09-14 12:47:37] EDIT ascli/views/ventas/index.html: 0
[2016-09-14 12:48:10] EDIT ascli/views/ventas/index.html: 0
[2016-09-14 12:49:24] EDIT ascli/views/ventas/index.html: 0
[2016-09-14 12:50:44] EDIT ascli/views/ventas/index.html: 0
[2016-09-14 12:51:28] EDIT ascli/views/ventas/index.html: 0
[2016-09-14 13:58:25] EDIT ascli/models/temporales.py: 11
[2016-09-14 14:02:21] EDIT ascli/views/layout.html: 0
[2016-09-14 14:03:28] EDIT ascli/views/layout.html: 0
[2016-09-14 16:06:45] EDIT ascli/controllers/ventas.py: -8
[2016-09-14 16:12:24] EDIT ascli/views/layout.html: 0
[2016-09-14 16:14:14] EDIT ascli/controllers/ventas.py: 6
[2016-09-14 16:15:27] EDIT ascli/views/ventas/index.html: 1
[2016-09-14 16:17:16] EDIT ascli/views/ventas/index.html: 1
[2016-09-14 16:19:02] EDIT ascli/controllers/ventas.py: 2
[2016-09-14 16:20:18] EDIT ascli/controllers/ventas.py: 6
[2016-09-14 16:21:10] EDIT ascli/controllers/ventas.py: -1
[2016-09-14 16:22:05] EDIT ascli/controllers/ventas.py: 0
[2016-09-14 16:22:25] EDIT ascli/controllers/ventas.py: 0
[2016-09-14 16:22:26] EDIT ascli/controllers/ventas.py: 0
[2016-09-14 16:22:37] EDIT ascli/controllers/ventas.py: 0
[2016-09-14 16:23:04] EDIT ascli/controllers/ventas.py: 0
[2016-09-14 16:23:06] EDIT ascli/controllers/ventas.py: 0
[2016-09-14 16:23:33] EDIT ascli/controllers/ventas.py: -5
[2016-09-14 16:31:55] EDIT ascli/views/ventas/index.html: 5
[2016-09-14 16:33:36] EDIT ascli/views/ventas/index.html: 0
[2016-09-14 16:37:51] EDIT ascli/views/ventas/index.html: 2
[2016-09-14 16:38:49] EDIT ascli/views/ventas/index.html: 0
[2016-09-14 16:41:51] EDIT ascli/views/ventas/index.html: 0
[2016-09-14 16:41:58] EDIT ascli/views/ventas/index.html: 0
[2016-09-14 16:51:03] EDIT ascli/views/ventas/index.html: 4
[2016-09-14 16:51:24] EDIT ascli/views/ventas/index.html: 0
[2016-09-14 16:51:55] EDIT ascli/views/ventas/index.html: 0
[2016-09-14 16:53:35] EDIT ascli/views/ventas/index.html: 0
[2016-09-14 16:55:00] EDIT ascli/views/ventas/index.html: -3
[2016-09-14 16:55:56] EDIT ascli/views/ventas/index.html: -1
[2016-09-14 16:57:36] EDIT ascli/controllers/ventas.py: 3
[2016-09-14 16:57:51] EDIT ascli/controllers/ventas.py: 0
[2016-09-14 16:57:53] EDIT ascli/controllers/ventas.py: 0
[2016-09-14 16:58:23] EDIT ascli/controllers/ventas.py: 0
[2016-09-14 16:58:56] EDIT ascli/controllers/ventas.py: 1
[2016-09-14 16:59:15] EDIT ascli/controllers/ventas.py: -1
[2016-09-14 16:59:24] EDIT ascli/controllers/ventas.py: -1
[2016-09-14 16:59:42] EDIT ascli/controllers/ventas.py: 0
[2016-09-14 16:59:48] EDIT ascli/controllers/ventas.py: 0
[2016-09-14 17:01:28] EDIT ascli/controllers/ventas.py: 0
[2016-09-14 17:01:29] EDIT ascli/controllers/ventas.py: 0
[2016-09-14 17:01:44] EDIT ascli/controllers/ventas.py: 0
[2016-09-14 17:02:04] EDIT ascli/controllers/ventas.py: 1
[2016-09-14 17:02:05] EDIT ascli/controllers/ventas.py: 0
[2016-09-14 17:02:32] EDIT ascli/controllers/ventas.py: -2
[2016-09-14 17:02:36] EDIT ascli/controllers/ventas.py: -1
[2016-09-14 17:02:59] EDIT ascli/controllers/ventas.py: 8
[2016-09-14 17:03:12] EDIT ascli/controllers/ventas.py: 1
[2016-09-14 17:03:14] EDIT ascli/controllers/ventas.py: 0
[2016-09-14 17:03:21] EDIT ascli/controllers/ventas.py: 0
[2016-09-14 17:03:22] EDIT ascli/controllers/ventas.py: 0
[2016-09-14 17:03:24] EDIT ascli/controllers/ventas.py: 0
[2016-09-14 17:03:46] EDIT ascli/controllers/ventas.py: 0
[2016-09-14 17:04:02] EDIT ascli/controllers/ventas.py: 0
[2016-09-14 17:04:18] EDIT ascli/controllers/ventas.py: 0
[2016-09-14 17:05:02] EDIT ascli/controllers/ventas.py: 1
[2016-09-14 17:05:08] EDIT ascli/controllers/ventas.py: -9
[2016-09-14 17:05:10] EDIT ascli/controllers/ventas.py: 0
[2016-09-14 17:05:10] EDIT ascli/controllers/ventas.py: 0
[2016-09-14 17:05:13] EDIT ascli/controllers/ventas.py: 0
[2016-09-14 17:05:24] EDIT ascli/controllers/ventas.py: 0
[2016-09-14 17:05:39] EDIT ascli/controllers/ventas.py: 0
[2016-09-14 17:06:15] EDIT ascli/controllers/ventas.py: 0
[2016-09-14 17:06:36] EDIT ascli/controllers/ventas.py: 0
[2016-09-14 17:06:43] EDIT ascli/controllers/ventas.py: -1
[2016-09-14 17:11:17] EDIT ascli/views/ventas/index.html: -1
[2016-09-14 17:22:37] EDIT ascli/models/menu.py: 0
[2016-09-14 17:22:51] EDIT ascli/models/menu.py: 0
[2016-09-14 17:23:55] EDIT ascli/models/menu.py: 0
[2016-09-14 17:24:19] EDIT ascli/models/menu.py: 0
[2016-09-14 17:24:39] EDIT ascli/models/menu.py: 0
[2016-09-15 08:45:55] EDIT ascli/views/ventas/index.html: 0
[2016-09-15 08:46:04] EDIT ascli/controllers/ventas.py: 0
[2016-09-15 08:47:26] EDIT ascli/models/menu.py: 0
[2016-09-15 08:47:42] EDIT ascli/models/menu.py: 0
[2016-09-15 08:47:44] EDIT ascli/models/menu.py: 0
[2016-09-15 08:47:51] EDIT ascli/models/menu.py: 0
[2016-09-15 08:51:16] EDIT ascli/models/menu.py: 0
[2016-09-15 08:55:42] EDIT ascli/models/menu.py: 0
[2016-09-15 08:55:51] EDIT ascli/models/menu.py: 0
[2016-09-15 08:56:19] EDIT ascli/models/menu.py: 0
[2016-09-15 08:56:42] EDIT ascli/models/menu.py: 0
[2016-09-15 08:57:14] EDIT ascli/models/menu.py: 0
[2016-09-15 08:57:25] EDIT ascli/models/menu.py: 0
[2016-09-15 08:57:47] EDIT ascli/models/menu.py: 0
[2016-09-15 08:58:37] EDIT ascli/models/menu.py: 0
[2016-09-15 09:00:32] EDIT ascli/models/menu.py: 0
[2016-09-15 09:00:38] EDIT ascli/models/menu.py: 0
[2016-09-15 09:01:53] EDIT ascli/models/menu.py: 0
[2016-09-15 09:02:02] EDIT ascli/models/menu.py: 0
[2016-09-15 09:02:03] EDIT ascli/models/menu.py: 0
[2016-09-15 09:02:35] EDIT ascli/models/menu.py: 0
[2016-09-15 09:03:30] EDIT ascli/models/menu.py: 0
[2016-09-15 09:03:47] EDIT ascli/models/menu.py: 0
[2016-09-15 09:04:03] EDIT ascli/models/menu.py: 0
[2016-09-15 09:04:43] EDIT ascli/models/menu.py: 0
[2016-09-15 09:08:39] EDIT ascli/models/menu.py: 1
[2016-09-15 09:08:47] EDIT ascli/models/menu.py: 0
[2016-09-15 09:09:14] EDIT ascli/models/menu.py: 0
[2016-09-15 09:10:52] EDIT ascli/models/menu.py: 0
[2016-09-15 09:11:27] EDIT ascli/models/menu.py: -1
[2016-09-15 09:21:06] EDIT ascli/models/menu.py: 0
[2016-09-15 09:30:01] EDIT ascli/models/menu.py: 0
[2016-09-15 09:30:06] EDIT ascli/models/menu.py: 0
[2016-09-15 09:30:28] EDIT ascli/models/menu.py: 0
[2016-09-15 09:31:03] EDIT ascli/models/menu.py: 0
[2016-09-15 09:31:11] EDIT ascli/models/menu.py: 0
[2016-09-15 09:31:23] EDIT ascli/models/menu.py: 0
[2016-09-15 09:32:22] EDIT ascli/models/menu.py: 0
[2016-09-15 09:35:51] EDIT ascli/models/menu.py: 0
[2016-09-15 09:36:12] EDIT ascli/models/menu.py: 0
[2016-09-15 09:36:47] EDIT ascli/models/menu.py: 0
[2016-09-15 09:37:09] EDIT ascli/models/menu.py: 0
[2016-09-15 09:37:37] EDIT ascli/models/menu.py: 0
[2016-09-15 09:38:05] EDIT ascli/models/menu.py: 0
[2016-09-15 09:38:38] EDIT ascli/models/menu.py: 0
[2016-09-15 09:38:53] EDIT ascli/models/menu.py: 0
[2016-09-15 09:41:18] EDIT ascli/models/menu.py: 0
[2016-09-15 09:41:39] EDIT ascli/models/menu.py: 0
[2016-09-15 09:41:50] EDIT ascli/models/menu.py: 0
[2016-09-15 09:41:56] EDIT ascli/models/menu.py: 0
[2016-09-15 09:42:40] EDIT ascli/models/menu.py: 0
[2016-09-15 09:42:46] EDIT ascli/models/menu.py: 0
[2016-09-15 09:43:12] EDIT ascli/models/menu.py: 0
[2016-09-15 09:43:52] EDIT ascli/models/menu.py: 0
[2016-09-15 09:44:32] EDIT ascli/models/menu.py: 0
[2016-09-15 09:45:17] EDIT ascli/models/menu.py: 0
[2016-09-15 09:45:38] EDIT ascli/models/menu.py: 0
[2016-09-15 09:47:01] EDIT ascli/models/menu.py: 0
[2016-09-15 09:47:28] EDIT ascli/models/menu.py: 0
[2016-09-15 09:48:44] EDIT ascli/models/menu.py: 0
[2016-09-15 09:49:15] EDIT ascli/models/menu.py: 0
[2016-09-15 09:49:38] EDIT ascli/models/menu.py: 0
[2016-09-15 09:50:27] EDIT ascli/models/menu.py: 0
[2016-09-15 09:50:54] EDIT ascli/models/menu.py: 0
[2016-09-15 09:50:59] EDIT ascli/models/menu.py: 0
[2016-09-15 09:51:04] EDIT ascli/models/menu.py: 0
[2016-09-15 09:51:22] EDIT ascli/models/menu.py: 0
[2016-09-15 09:52:44] EDIT ascli/models/menu.py: 0
[2016-09-15 09:52:54] EDIT ascli/models/menu.py: 0
[2016-09-15 09:52:55] EDIT ascli/models/menu.py: 0
[2016-09-15 09:53:18] EDIT ascli/models/menu.py: 0
[2016-09-15 09:53:29] EDIT ascli/models/menu.py: 0
[2016-09-15 09:53:44] EDIT ascli/models/menu.py: 0
[2016-09-15 09:56:54] EDIT ascli/models/menu.py: 0
[2016-09-15 09:57:03] EDIT ascli/models/menu.py: 0
[2016-09-15 10:00:16] EDIT ascli/models/menu.py: 0
[2016-09-15 10:02:28] EDIT ascli/models/menu.py: 0
[2016-09-15 10:02:38] EDIT ascli/models/menu.py: 0
[2016-09-15 11:00:16] EDIT ascli/models/menu.py: 0
[2016-09-15 11:03:36] EDIT ascli/models/menu.py: 0
[2016-09-15 11:04:43] EDIT ascli/models/menu.py: 0
[2016-09-15 11:05:31] EDIT ascli/models/menu.py: 0
[2016-09-15 11:13:46] EDIT ascli/models/menu.py: 0
[2016-09-15 11:23:30] EDIT ascli/views/ventas/index.html: -1
[2016-09-15 11:23:49] EDIT ascli/views/ventas/index.html: 1
[2016-09-15 11:32:32] EDIT ascli/views/ventas/index.html: 0
[2016-09-15 11:35:50] EDIT ascli/views/ventas/index.html: 0
[2016-09-15 11:36:43] EDIT ascli/views/layoutsinmenu.html: -3
[2016-09-15 11:38:06] EDIT ascli/views/layoutsinmenu.html: 5
[2016-09-15 11:38:56] EDIT ascli/views/layoutsinmenu.html: 2
[2016-09-15 11:39:24] EDIT ascli/views/layoutsinmenu.html: 0
[2016-09-15 11:39:58] EDIT ascli/views/layoutsinmenu.html: -1
[2016-09-15 12:56:04] EDIT ascli/views/ventas/index.html: 0
[2016-09-15 12:57:11] EDIT ascli/views/ventas/index.html: 0
[2016-09-15 12:57:31] EDIT ascli/views/ventas/index.html: 0
[2016-09-15 12:59:25] EDIT ascli/views/ventas/index.html: 0
[2016-09-15 13:00:55] EDIT ascli/views/ventas/index.html: 10
[2016-09-15 13:01:35] EDIT ascli/views/ventas/index.html: 0
[2016-09-15 13:03:10] EDIT ascli/views/ventas/index.html: 0
[2016-09-15 13:04:17] EDIT ascli/views/ventas/index.html: 0
[2016-09-15 13:04:53] EDIT ascli/views/ventas/index.html: 0
[2016-09-15 13:22:55] EDIT ascli/models/menu.py: 0
[2016-09-15 13:28:27] EDIT ascli/views/ventas/index.html: 0
[2016-09-15 14:21:56] EDIT ascli/models/menu.py: 0
[2016-09-15 14:22:07] EDIT ascli/models/menu.py: 0
[2016-09-15 14:23:50] EDIT ascli/models/menu.py: 0
[2016-09-15 14:24:39] EDIT ascli/models/menu.py: 0
[2016-09-15 14:25:23] EDIT ascli/models/menu.py: 0
[2016-09-15 14:25:56] EDIT ascli/models/menu.py: 0
[2016-09-15 14:27:00] EDIT ascli/models/menu.py: 0
[2016-09-15 14:27:35] EDIT ascli/models/menu.py: 0
[2016-09-15 14:28:53] EDIT ascli/models/menu.py: 0
[2016-09-15 14:30:08] EDIT ascli/models/menu.py: 0
[2016-09-15 14:30:37] EDIT ascli/models/menu.py: 0
[2016-09-15 14:35:19] EDIT ascli/models/menu.py: 0
[2016-09-15 14:38:38] EDIT ascli/models/menu.py: 0
[2016-09-15 14:38:57] EDIT ascli/models/menu.py: 0
[2016-09-15 14:39:15] EDIT ascli/models/menu.py: 0
[2016-09-15 14:39:24] EDIT ascli/models/menu.py: 0
[2016-09-15 14:39:44] EDIT ascli/models/menu.py: 0
[2016-09-15 14:42:09] EDIT ascli/models/menu.py: 0
[2016-09-15 14:42:26] EDIT ascli/models/menu.py: 0
[2016-09-15 14:45:07] EDIT ascli/models/menu.py: 0
[2016-09-15 14:45:39] EDIT ascli/models/menu.py: 0
[2016-09-15 15:00:08] EDIT ascli/views/layout.html: 0
[2016-09-15 15:00:21] EDIT ascli/views/layoutsinmenu.html: 0
[2016-09-15 15:01:03] EDIT ascli/views/layoutsinmenu.html: 0
[2016-09-15 15:01:11] EDIT ascli/views/layout.html: 0
[2016-09-15 15:01:15] EDIT ascli/views/layoutsinmenu.html: 0
[2016-09-15 15:01:17] EDIT ascli/views/layout.html: 0
[2016-09-15 15:03:07] EDIT ascli/views/layout.html: 0
[2016-09-15 15:03:51] EDIT ascli/views/layout.html: 0
[2016-09-15 15:04:30] EDIT ascli/views/layoutsinmenu.html: 0
[2016-09-15 15:56:16] EDIT ascli/views/ventas/index.html: -29
[2016-09-15 15:57:08] EDIT ascli/views/ventas/index.html: 1
[2016-09-15 15:57:28] EDIT ascli/views/ventas/index.html: -1
[2016-09-15 16:00:28] EDIT ascli/controllers/ventas.py: 0
[2016-09-15 16:03:15] EDIT ascli/views/ventas/index.html: 0
[2016-09-15 16:03:33] EDIT ascli/views/ventas/index.html: 1
[2016-09-15 16:05:24] EDIT ascli/controllers/ventas.py: -2
[2016-09-15 16:10:44] EDIT ascli/controllers/ventas.py: 2
[2016-09-15 16:11:11] EDIT ascli/controllers/ventas.py: 0
[2016-09-15 16:12:17] EDIT ascli/controllers/ventas.py: 0
[2016-09-15 16:12:50] EDIT ascli/views/ventas/index.html: 0
[2016-09-15 16:14:20] EDIT ascli/controllers/ventas.py: 2
[2016-09-15 16:15:04] EDIT ascli/views/ventas/index.html: 0
[2016-09-15 16:15:40] EDIT ascli/controllers/ventas.py: -1
[2016-09-15 16:16:19] EDIT ascli/views/ventas/index.html: 0
[2016-09-15 16:17:13] EDIT ascli/views/ventas/index.html: 0
[2016-09-15 16:17:36] EDIT ascli/views/ventas/index.html: 0
[2016-09-15 16:18:36] EDIT ascli/views/ventas/index.html: 0
[2016-09-15 16:21:04] EDIT ascli/controllers/ventas.py: 0
[2016-09-15 16:21:14] EDIT ascli/controllers/ventas.py: 0
[2016-09-15 16:21:16] EDIT ascli/views/ventas/index.html: -34
[2016-09-15 16:25:02] EDIT ascli/views/ventas/index.html: 0
[2016-09-15 16:25:15] EDIT ascli/views/ventas/index.html: 0
[2016-09-15 16:25:17] EDIT ascli/views/ventas/index.html: 0
[2016-09-15 16:26:29] EDIT ascli/views/ventas/index.html: 0
[2016-09-15 16:26:51] EDIT ascli/views/ventas/index.html: 0
[2016-09-15 16:27:34] EDIT ascli/views/ventas/index.html: 1
[2016-09-15 16:32:36] EDIT ascli/views/ventas/index.html: 0
[2016-09-15 16:32:49] EDIT ascli/views/ventas/index.html: 0
[2016-09-15 16:33:49] EDIT ascli/views/ventas/index.html: 0
[2016-09-15 16:33:50] EDIT ascli/views/ventas/index.html: 0
[2016-09-15 16:33:53] EDIT ascli/controllers/ventas.py: 0
[2016-09-15 16:40:04] EDIT ascli/views/ventas/index.html: 0
[2016-09-15 16:41:00] EDIT ascli/views/ventas/index.html: 1
[2016-09-15 16:41:39] EDIT ascli/views/ventas/index.html: -1
[2016-09-15 16:42:13] EDIT ascli/controllers/ventas.py: 0
[2016-09-15 16:42:34] EDIT ascli/views/ventas/index.html: 0
[2016-09-15 16:43:18] EDIT ascli/controllers/ventas.py: -2
[2016-09-15 16:43:38] EDIT ascli/views/ventas/index.html: -1
[2016-09-15 16:44:39] EDIT ascli/controllers/ventas.py: 2
[2016-09-15 16:45:08] EDIT ascli/controllers/ventas.py: 0
[2016-09-15 16:45:59] EDIT ascli/views/ventas/index.html: 0
[2016-09-15 16:46:12] EDIT ascli/controllers/ventas.py: 0
[2016-09-15 16:48:15] EDIT ascli/controllers/ventas.py: -1
[2016-09-15 16:49:08] EDIT ascli/controllers/ventas.py: -1
[2016-09-15 16:50:05] EDIT ascli/controllers/ventas.py: 0
[2016-09-15 16:56:21] EDIT ascli/controllers/ventas.py: -2
[2016-09-16 09:20:49] EDIT ascli/views/ventas/index.html: 8
[2016-09-16 09:21:08] EDIT ascli/views/ventas/index.html: 1
[2016-09-16 09:21:18] EDIT ascli/views/ventas/index.html: 0
[2016-09-16 09:22:19] EDIT ascli/views/ventas/index.html: 1
[2016-09-16 09:23:17] EDIT ascli/views/ventas/index.html: 0
[2016-09-16 09:23:40] EDIT ascli/views/ventas/index.html: 0
[2016-09-16 09:24:21] EDIT ascli/views/ventas/index.html: 0
[2016-09-16 09:28:56] EDIT ascli/views/ventas/index.html: 0
[2016-09-16 09:29:09] EDIT ascli/views/ventas/index.html: 1
[2016-09-16 09:29:55] EDIT ascli/views/ventas/index.html: 0
[2016-09-16 09:30:30] EDIT ascli/views/ventas/index.html: 0
[2016-09-16 09:31:13] EDIT ascli/views/ventas/index.html: 0
[2016-09-16 09:31:40] EDIT ascli/views/ventas/index.html: 0
[2016-09-16 09:32:50] EDIT ascli/views/ventas/index.html: 0
[2016-09-16 09:33:01] EDIT ascli/views/ventas/index.html: 0
[2016-09-16 09:34:14] EDIT ascli/views/ventas/index.html: 0
[2016-09-16 09:35:20] EDIT ascli/views/ventas/index.html: 0
[2016-09-16 09:45:54] EDIT ascli/views/ventas/index.html: 2
[2016-09-16 09:49:22] EDIT ascli/controllers/ventas.py: 0
[2016-09-16 09:50:36] EDIT ascli/controllers/ventas.py: 0
[2016-09-16 09:55:42] EDIT ascli/controllers/ventas.py: 0
[2016-09-16 09:56:27] EDIT ascli/controllers/ventas.py: 0
[2016-09-16 09:57:53] EDIT ascli/controllers/ventas.py: 0
[2016-09-16 09:58:50] EDIT ascli/controllers/ventas.py: 0
[2016-09-16 10:00:18] EDIT ascli/controllers/ventas.py: 0
[2016-09-16 10:07:30] EDIT ascli/controllers/ventas.py: 1
[2016-09-16 10:08:08] EDIT ascli/controllers/ventas.py: 0
[2016-09-16 10:08:17] EDIT ascli/controllers/ventas.py: 0
[2016-09-16 10:08:34] EDIT ascli/controllers/ventas.py: 0
[2016-09-16 10:15:05] EDIT ascli/controllers/ventas.py: 0
[2016-09-16 10:15:10] EDIT ascli/controllers/ventas.py: 0
[2016-09-16 10:15:24] EDIT ascli/controllers/ventas.py: 0
[2016-09-16 10:15:32] EDIT ascli/controllers/ventas.py: -1
[2016-09-16 10:15:44] EDIT ascli/controllers/ventas.py: 1
[2016-09-16 10:16:00] EDIT ascli/controllers/ventas.py: -1
[2016-09-16 10:16:28] EDIT ascli/controllers/ventas.py: 0
[2016-09-16 10:17:39] EDIT ascli/controllers/ventas.py: 0
[2016-09-16 10:18:18] EDIT ascli/controllers/ventas.py: 0
[2016-09-16 10:18:39] EDIT ascli/controllers/ventas.py: 0
[2016-09-16 10:19:00] EDIT ascli/controllers/ventas.py: 0
[2016-09-16 10:19:44] EDIT ascli/controllers/ventas.py: 0
[2016-09-16 10:19:58] EDIT ascli/controllers/ventas.py: 0
[2016-09-16 10:32:46] EDIT ascli/views/ventas/index.html: 2
[2016-09-16 10:36:27] EDIT ascli/views/ventas/index.html: 1
[2016-09-16 10:37:22] EDIT ascli/views/ventas/index.html: 0
[2016-09-16 10:37:30] EDIT ascli/controllers/ventas.py: 0
[2016-09-16 10:39:45] EDIT ascli/views/ventas/index.html: 1
[2016-09-16 10:40:12] EDIT ascli/views/ventas/index.html: 1
[2016-09-16 10:42:07] EDIT ascli/views/ventas/index.html: 0
[2016-09-16 10:56:32] EDIT ascli/views/ventas/index.html: 0
[2016-09-16 10:59:19] EDIT ascli/views/ventas/index.html: -1
[2016-09-16 11:00:27] EDIT ascli/views/ventas/index.html: -1
[2016-09-16 11:17:40] EDIT ascli/controllers/ventas.py: 9
[2016-09-16 11:19:41] EDIT ascli/controllers/ventas.py: -4
[2016-09-16 11:19:42] EDIT ascli/controllers/ventas.py: 0
[2016-09-16 11:19:59] EDIT ascli/controllers/ventas.py: -1
[2016-09-16 11:20:35] EDIT ascli/views/ventas/index.html: 1
[2016-09-16 11:21:05] EDIT ascli/views/ventas/index.html: 0
[2016-09-16 11:21:22] EDIT ascli/controllers/ventas.py: 0
[2016-09-16 11:21:51] EDIT ascli/controllers/ventas.py: 0
[2016-09-16 11:24:08] EDIT ascli/controllers/ventas.py: 0
[2016-09-16 11:27:30] EDIT ascli/controllers/ventas.py: 1
[2016-09-16 11:28:27] EDIT ascli/controllers/ventas.py: 0
[2016-09-16 11:28:29] EDIT ascli/controllers/ventas.py: 0
[2016-09-16 11:28:40] EDIT ascli/controllers/ventas.py: 0
[2016-09-16 11:28:59] EDIT ascli/controllers/ventas.py: 0
[2016-09-16 11:29:22] EDIT ascli/controllers/ventas.py: 0
[2016-09-16 11:29:36] EDIT ascli/controllers/ventas.py: 0
[2016-09-16 11:29:37] EDIT ascli/controllers/ventas.py: 0
[2016-09-16 11:29:43] EDIT ascli/controllers/ventas.py: 0
[2016-09-16 11:29:53] EDIT ascli/controllers/ventas.py: 0
[2016-09-16 11:29:58] EDIT ascli/controllers/ventas.py: 0
[2016-09-16 11:29:59] EDIT ascli/controllers/ventas.py: 0
[2016-09-16 11:30:04] EDIT ascli/controllers/ventas.py: 0
[2016-09-16 11:30:09] EDIT ascli/controllers/ventas.py: 0
[2016-09-16 11:32:34] EDIT ascli/controllers/ventas.py: 3
[2016-09-16 11:33:07] EDIT ascli/controllers/ventas.py: -1
[2016-09-16 11:33:12] EDIT ascli/controllers/ventas.py: 0
[2016-09-16 11:33:24] EDIT ascli/controllers/ventas.py: 0
[2016-09-16 11:33:34] EDIT ascli/controllers/ventas.py: 0
[2016-09-16 11:33:42] EDIT ascli/controllers/ventas.py: -4
[2016-09-16 11:47:09] EDIT ascli/controllers/ventas.py: 3
[2016-09-16 11:47:43] EDIT ascli/controllers/ventas.py: -1
[2016-09-16 11:47:50] EDIT ascli/controllers/ventas.py: 0
[2016-09-16 11:48:13] EDIT ascli/controllers/ventas.py: 0
[2016-09-16 11:49:04] EDIT ascli/controllers/ventas.py: 0
[2016-09-16 11:50:50] EDIT ascli/controllers/ventas.py: 0
[2016-09-16 11:52:04] EDIT ascli/controllers/ventas.py: 0
[2016-09-16 11:52:15] EDIT ascli/controllers/ventas.py: 0
[2016-09-16 11:53:16] EDIT ascli/controllers/ventas.py: 0
[2016-09-16 11:53:43] EDIT ascli/controllers/ventas.py: 0
[2016-09-16 11:56:30] EDIT ascli/controllers/ventas.py: 1
[2016-09-16 11:56:36] EDIT ascli/controllers/ventas.py: 0
[2016-09-16 11:57:07] EDIT ascli/controllers/ventas.py: 0
[2016-09-16 11:57:14] EDIT ascli/controllers/ventas.py: 0
[2016-09-16 11:58:47] EDIT ascli/controllers/ventas.py: -1
[2016-09-16 11:59:07] EDIT ascli/controllers/ventas.py: 0
[2016-09-16 12:02:06] EDIT ascli/controllers/ventas.py: 4
[2016-09-16 12:02:24] EDIT ascli/controllers/ventas.py: 0
[2016-09-16 12:02:25] EDIT ascli/controllers/ventas.py: 0
[2016-09-16 12:02:42] EDIT ascli/controllers/ventas.py: 0
[2016-09-16 12:02:45] EDIT ascli/controllers/ventas.py: 0
[2016-09-16 12:03:06] EDIT ascli/controllers/ventas.py: 0
[2016-09-16 12:03:13] EDIT ascli/controllers/ventas.py: 0
[2016-09-16 12:06:04] EDIT ascli/controllers/ventas.py: -1
[2016-09-16 12:06:14] EDIT ascli/controllers/ventas.py: -2
[2016-09-16 12:06:31] EDIT ascli/controllers/ventas.py: 0
[2016-09-16 12:06:50] EDIT ascli/controllers/ventas.py: 0
[2016-09-16 12:07:41] EDIT ascli/controllers/ventas.py: 0
[2016-09-16 12:07:53] EDIT ascli/controllers/ventas.py: 0
[2016-09-16 12:07:58] EDIT ascli/controllers/ventas.py: 1
[2016-09-16 12:08:09] EDIT ascli/controllers/ventas.py: 0
[2016-09-16 12:08:21] EDIT ascli/controllers/ventas.py: 0
[2016-09-16 12:08:28] EDIT ascli/controllers/ventas.py: 1
[2016-09-16 12:09:13] EDIT ascli/controllers/ventas.py: 0
[2016-09-16 12:09:16] EDIT ascli/controllers/ventas.py: -1
[2016-09-16 12:09:17] EDIT ascli/controllers/ventas.py: 0
[2016-09-16 12:09:47] EDIT ascli/controllers/ventas.py: 2
[2016-09-16 12:09:50] EDIT ascli/controllers/ventas.py: 0
[2016-09-16 12:10:20] EDIT ascli/controllers/ventas.py: 0
[2016-09-16 12:10:44] EDIT ascli/controllers/ventas.py: 0
[2016-09-16 12:10:49] EDIT ascli/controllers/ventas.py: 0
[2016-09-16 12:10:51] EDIT ascli/controllers/ventas.py: 0
[2016-09-16 12:10:53] EDIT ascli/controllers/ventas.py: 0
[2016-09-16 12:11:03] EDIT ascli/controllers/ventas.py: 0
[2016-09-16 12:12:07] EDIT ascli/controllers/ventas.py: 0
[2016-09-16 12:13:08] EDIT ascli/controllers/ventas.py: 0
[2016-09-16 12:17:53] EDIT ascli/controllers/ventas.py: 10
[2016-09-16 12:20:38] EDIT ascli/views/ventas/index.html: 7
[2016-09-16 12:20:44] EDIT ascli/controllers/ventas.py: 0
[2016-09-16 12:21:54] EDIT ascli/views/ventas/index.html: 0
[2016-09-16 12:27:50] EDIT ascli/views/ventas/index.html: 0
[2016-09-16 12:28:02] EDIT ascli/views/ventas/index.html: 0
[2016-09-16 12:30:43] EDIT ascli/views/ventas/index.html: 1
[2016-09-16 12:32:37] EDIT ascli/controllers/ventas.py: 0
[2016-09-16 12:33:21] EDIT ascli/views/ventas/index.html: -1
[2016-09-16 12:34:05] EDIT ascli/views/ventas/index.html: 1
[2016-09-16 12:34:59] EDIT ascli/views/ventas/index.html: 9
[2016-09-16 12:36:27] EDIT ascli/controllers/ventas.py: 0
[2016-09-16 12:38:08] EDIT ascli/views/ventas/index.html: 0
[2016-09-16 12:42:20] EDIT ascli/controllers/ventas.py: 0
[2016-09-16 12:42:51] EDIT ascli/views/ventas/index.html: 1
[2016-09-16 12:42:59] EDIT ascli/views/ventas/index.html: 0
[2016-09-16 12:44:30] EDIT ascli/views/ventas/index.html: 0
[2016-09-16 12:46:04] EDIT ascli/views/ventas/index.html: 1
[2016-09-16 12:46:19] EDIT ascli/views/ventas/index.html: 0
[2016-09-16 12:47:58] EDIT ascli/views/ventas/index.html: 0
[2016-09-16 12:49:21] EDIT ascli/controllers/ventas.py: 3
[2016-09-16 12:49:27] EDIT ascli/controllers/ventas.py: 0
[2016-09-16 12:52:12] EDIT ascli/controllers/ventas.py: 0
[2016-09-16 12:53:01] EDIT ascli/controllers/ventas.py: 0
[2016-09-16 12:53:07] EDIT ascli/controllers/ventas.py: 0
[2016-09-16 12:57:19] EDIT ascli/controllers/ventas.py: 0
[2016-09-16 12:57:21] EDIT ascli/controllers/ventas.py: 0
[2016-09-16 12:57:29] EDIT ascli/controllers/ventas.py: 0
[2016-09-16 12:57:31] EDIT ascli/controllers/ventas.py: 0
[2016-09-16 12:57:38] EDIT ascli/controllers/ventas.py: 0
[2016-09-16 12:58:04] EDIT ascli/controllers/ventas.py: 0
[2016-09-16 12:58:21] EDIT ascli/controllers/ventas.py: 0
[2016-09-16 12:58:36] EDIT ascli/views/ventas/index.html: 0
[2016-09-16 13:00:39] EDIT ascli/controllers/ventas.py: 0
[2016-09-16 13:01:11] EDIT ascli/controllers/ventas.py: 0
[2016-09-16 13:01:24] EDIT ascli/controllers/ventas.py: 0
[2016-09-16 13:01:34] EDIT ascli/controllers/ventas.py: 0
[2016-09-16 13:01:36] EDIT ascli/controllers/ventas.py: 0
[2016-09-16 13:01:42] EDIT ascli/controllers/ventas.py: 0
[2016-09-16 13:01:57] EDIT ascli/controllers/ventas.py: 0
[2016-09-16 13:02:14] EDIT ascli/controllers/ventas.py: 0
[2016-09-16 13:02:23] EDIT ascli/controllers/ventas.py: 0
[2016-09-16 13:02:32] EDIT ascli/controllers/ventas.py: 0
[2016-09-16 13:02:39] EDIT ascli/controllers/ventas.py: 0
[2016-09-16 13:02:41] EDIT ascli/controllers/ventas.py: 0
[2016-09-16 13:57:05] EDIT ascli/views/ventas/index.html: 2
[2016-09-16 14:01:03] EDIT ascli/controllers/ventas.py: 0
[2016-09-16 14:08:32] EDIT ascli/controllers/ventas.py: 0
[2016-09-16 14:09:05] EDIT ascli/controllers/ventas.py: 0
[2016-09-16 14:09:12] EDIT ascli/controllers/ventas.py: 0
[2016-09-16 14:10:06] EDIT ascli/controllers/ventas.py: 0
[2016-09-16 14:10:24] EDIT ascli/controllers/ventas.py: 0
[2016-09-16 14:10:58] EDIT ascli/controllers/ventas.py: 0
[2016-09-16 14:13:06] EDIT ascli/controllers/ventas.py: 0
[2016-09-16 14:13:32] EDIT ascli/controllers/ventas.py: 0
[2016-09-16 14:14:38] EDIT ascli/controllers/ventas.py: 0
[2016-09-16 14:15:00] EDIT ascli/controllers/ventas.py: 1
[2016-09-16 14:15:26] EDIT ascli/controllers/ventas.py: 0
[2016-09-16 14:15:39] EDIT ascli/controllers/ventas.py: 0
[2016-09-16 14:22:46] EDIT ascli/views/ventas/index.html: -5
[2016-09-16 14:23:20] EDIT ascli/views/ventas/index.html: 0
[2016-09-16 14:25:31] EDIT ascli/views/ventas/index.html: 1
[2016-09-16 14:26:51] EDIT ascli/controllers/ventas.py: -2
[2016-09-16 14:31:23] EDIT ascli/controllers/ventas.py: 1
[2016-09-16 14:32:52] EDIT ascli/controllers/ventas.py: 0
[2016-09-16 14:33:53] EDIT ascli/controllers/ventas.py: 0
[2016-09-16 14:34:00] EDIT ascli/controllers/ventas.py: 0
[2016-09-16 14:34:02] EDIT ascli/views/ventas/index.html: 0
[2016-09-16 14:35:29] EDIT ascli/controllers/ventas.py: 0
[2016-09-16 14:35:35] EDIT ascli/controllers/ventas.py: 0
[2016-09-16 14:37:14] EDIT ascli/controllers/ventas.py: 0
[2016-09-16 14:37:19] EDIT ascli/controllers/ventas.py: 0
[2016-09-16 14:37:21] EDIT ascli/views/ventas/index.html: 0
[2016-09-16 14:39:02] EDIT ascli/controllers/ventas.py: 0
[2016-09-16 14:40:17] EDIT ascli/controllers/ventas.py: 0
[2016-09-16 14:46:14] EDIT ascli/views/ventas/index.html: 0
[2016-09-16 14:48:45] EDIT ascli/views/ventas/index.html: 0
[2016-09-16 14:48:57] EDIT ascli/views/ventas/index.html: 0
[2016-09-16 14:49:16] EDIT ascli/views/ventas/index.html: 0
[2016-09-16 14:51:26] EDIT ascli/controllers/ventas.py: 0
[2016-09-16 14:51:28] EDIT ascli/controllers/ventas.py: 0
[2016-09-16 14:51:31] EDIT ascli/views/ventas/index.html: 0
[2016-09-16 14:56:31] EDIT ascli/controllers/ventas.py: 1
[2016-09-16 14:57:07] EDIT ascli/controllers/ventas.py: 2
[2016-09-16 14:57:40] EDIT ascli/controllers/ventas.py: 0
[2016-09-16 14:59:11] EDIT ascli/controllers/ventas.py: -3
[2016-09-16 15:00:09] EDIT ascli/controllers/ventas.py: 0
[2016-09-16 15:00:30] EDIT ascli/controllers/ventas.py: 2
[2016-09-16 15:00:37] EDIT ascli/controllers/ventas.py: 0
[2016-09-16 15:01:33] EDIT ascli/controllers/ventas.py: 0
[2016-09-16 15:02:07] EDIT ascli/controllers/ventas.py: 0
[2016-09-16 15:03:39] EDIT ascli/controllers/ventas.py: -1
[2016-09-16 15:04:58] EDIT ascli/views/ventas/index.html: 0
[2016-09-16 15:05:09] EDIT ascli/views/ventas/index.html: 0
[2016-09-16 15:06:39] EDIT ascli/views/ventas/index.html: 0
[2016-09-16 15:07:20] EDIT ascli/views/ventas/index.html: 0
[2016-09-16 15:07:40] EDIT ascli/controllers/ventas.py: 0
[2016-09-16 15:09:23] EDIT ascli/views/ventas/index.html: -1
[2016-09-16 15:09:41] EDIT ascli/views/ventas/index.html: 0
[2016-09-16 15:11:52] EDIT ascli/views/ventas/index.html: 0
[2016-09-16 15:17:04] EDIT ascli/controllers/ventas.py: 0
[2016-09-16 15:19:07] EDIT ascli/controllers/ventas.py: 0
[2016-09-16 15:21:23] EDIT ascli/controllers/ventas.py: -1
[2016-09-16 15:21:30] EDIT ascli/views/ventas/index.html: 0
[2016-09-16 15:21:50] EDIT ascli/controllers/ventas.py: 0
[2016-09-16 15:23:04] EDIT ascli/controllers/ventas.py: 0
[2016-09-16 15:24:31] EDIT ascli/controllers/ventas.py: 0
[2016-09-16 16:00:30] EDIT ascli/views/ventas/index.html: 0
[2016-09-16 16:01:11] EDIT ascli/views/ventas/index.html: 0
[2016-09-16 16:01:49] EDIT ascli/controllers/ventas.py: 0
[2016-09-16 16:05:06] EDIT ascli/views/ventas/index.html: 0
[2016-09-16 16:05:20] EDIT ascli/views/ventas/index.html: 0
[2016-09-16 16:07:38] EDIT ascli/views/ventas/index.html: 0
[2016-09-16 16:08:46] EDIT ascli/views/ventas/index.html: 0
[2016-09-17 10:39:40] EDIT ascli/controllers/ventas.py: 9
[2016-09-17 11:45:20] EDIT ascli/controllers/ventas.py: 0
[2016-09-17 11:45:43] EDIT ascli/controllers/ventas.py: 0
[2016-09-17 11:51:46] EDIT ascli/controllers/ventas.py: 0
[2016-09-17 11:56:38] EDIT ascli/controllers/ventas.py: 0
[2016-09-18 10:40:59] EDIT ascli/controllers/ventas.py: 0
[2016-09-18 10:41:42] EDIT ascli/controllers/ventas.py: 0
[2016-09-18 10:49:14] EDIT ascli/controllers/ventas.py: 0
[2016-09-18 10:49:32] EDIT ascli/controllers/ventas.py: 0
[2016-09-18 10:50:16] EDIT ascli/controllers/ventas.py: 0
[2016-09-18 11:05:31] EDIT ascli/controllers/ventas.py: 0
[2016-09-18 11:08:14] EDIT ascli/controllers/ventas.py: 0
[2016-09-18 11:08:39] EDIT ascli/controllers/ventas.py: 0
[2016-09-18 11:11:15] EDIT ascli/controllers/ventas.py: 0
[2016-09-18 11:11:31] EDIT ascli/controllers/ventas.py: 0
[2016-09-18 11:22:56] EDIT ascli/controllers/ventas.py: 0
[2016-09-18 11:48:03] EDIT ascli/controllers/ventas.py: 0
[2016-09-19 08:35:14] EDIT ascli/models/temporales.py: 0
[2016-09-19 08:40:35] EDIT ascli/models/dbascli.py: 0
[2016-09-19 08:42:07] EDIT ascli/models/dbascli.py: 0
[2016-09-19 09:44:48] EDIT ascli/views/ventas/index.html: 0
[2016-09-19 09:48:36] EDIT ascli/controllers/ventas.py: 9
[2016-09-19 09:50:43] EDIT ascli/controllers/ventas.py: 0
[2016-09-19 09:54:02] EDIT ascli/views/ventas/index.html: 3
[2016-09-19 10:15:14] EDIT ascli/controllers/ventas.py: 1
[2016-09-19 10:25:12] EDIT ascli/views/ventas/index.html: 0
[2016-09-19 10:30:53] EDIT ascli/views/ventas/index.html: -3
[2016-09-19 10:32:56] EDIT ascli/views/ventas/index.html: 0
[2016-09-19 10:45:41] EDIT ascli/views/ventas/index.html: 0
[2016-09-19 10:46:10] EDIT ascli/views/ventas/index.html: 0
[2016-09-19 11:25:31] EDIT ascli/views/ventas/index.html: 0
[2016-09-19 11:25:47] EDIT ascli/controllers/ventas.py: 0
[2016-09-19 11:35:56] EDIT ascli/controllers/ventas.py: 0
[2016-09-19 11:36:30] EDIT ascli/controllers/ventas.py: 0
[2016-09-19 11:37:00] EDIT ascli/controllers/ventas.py: 0
[2016-09-19 11:38:38] EDIT ascli/controllers/ventas.py: 0
[2016-09-19 14:16:27] EDIT ascli/views/ventas/index.html: 0
[2016-09-19 14:17:02] EDIT ascli/views/ventas/index.html: 0
[2016-09-19 14:19:43] EDIT ascli/views/ventas/index.html: 4
[2016-09-19 14:21:41] EDIT ascli/views/ventas/index.html: 0
[2016-09-19 14:23:37] EDIT ascli/views/ventas/index.html: 0
[2016-09-19 14:24:59] EDIT ascli/views/ventas/index.html: 2
[2016-09-19 14:25:10] EDIT ascli/views/ventas/index.html: 0
[2016-09-19 14:28:41] EDIT ascli/views/ventas/index.html: 0
[2016-09-19 14:29:34] EDIT ascli/views/ventas/index.html: 7
[2016-09-19 14:30:58] EDIT ascli/controllers/ventas.py: -1
[2016-09-19 14:31:07] EDIT ascli/controllers/ventas.py: 0
[2016-09-19 14:32:13] EDIT ascli/views/ventas/index.html: -1
[2016-09-19 14:38:07] EDIT ascli/controllers/ventas.py: 0
[2016-09-19 14:44:46] EDIT ascli/controllers/ventas.py: -1
[2016-09-19 14:45:26] EDIT ascli/controllers/ventas.py: 0
[2016-09-19 14:46:02] EDIT ascli/controllers/ventas.py: 0
[2016-09-19 14:46:02] EDIT ascli/controllers/ventas.py: 0
[2016-09-19 14:46:39] EDIT ascli/controllers/ventas.py: 0
[2016-09-19 14:46:51] EDIT ascli/controllers/ventas.py: 0
[2016-09-19 14:47:10] EDIT ascli/controllers/ventas.py: 0
[2016-09-19 14:48:00] EDIT ascli/controllers/ventas.py: 0
[2016-09-19 14:48:15] EDIT ascli/controllers/ventas.py: 0
[2016-09-19 14:48:15] EDIT ascli/controllers/ventas.py: 0
[2016-09-19 14:48:21] EDIT ascli/controllers/ventas.py: 0
[2016-09-19 14:51:14] EDIT ascli/views/ventas/index.html: 1
[2016-09-19 14:51:30] EDIT ascli/views/ventas/index.html: 0
[2016-09-19 14:54:47] EDIT ascli/views/ventas/index.html: 9
[2016-09-19 14:54:47] EDIT ascli/views/ventas/index.html: 0
[2016-09-19 14:55:07] EDIT ascli/views/ventas/index.html: 0
[2016-09-19 14:55:37] EDIT ascli/views/ventas/index.html: -12
[2016-09-19 14:57:54] EDIT ascli/controllers/ventas.py: 1
[2016-09-19 14:58:52] EDIT ascli/views/ventas/index.html: 0
[2016-09-19 14:58:52] EDIT ascli/views/ventas/index.html: 0
[2016-09-19 14:59:18] EDIT ascli/views/ventas/index.html: 0
[2016-09-19 14:59:26] EDIT ascli/views/ventas/index.html: 0
[2016-09-19 15:01:12] EDIT ascli/views/ventas/index.html: -1
[2016-09-19 15:02:17] EDIT ascli/views/ventas/index.html: 1
[2016-09-19 15:02:50] EDIT ascli/views/ventas/index.html: 0
[2016-09-19 15:02:50] EDIT ascli/views/ventas/index.html: 0
[2016-09-19 15:03:15] EDIT ascli/views/ventas/index.html: 0
[2016-09-19 15:03:16] EDIT ascli/views/ventas/index.html: 0
[2016-09-19 15:06:14] EDIT ascli/views/ventas/index.html: 0
[2016-09-19 15:06:15] EDIT ascli/views/ventas/index.html: 0
[2016-09-19 15:06:15] EDIT ascli/views/ventas/index.html: 0
[2016-09-19 15:08:44] EDIT ascli/controllers/ventas.py: 0
[2016-09-19 15:08:44] EDIT ascli/controllers/ventas.py: 0
[2016-09-19 15:08:50] EDIT ascli/controllers/ventas.py: 0
[2016-09-19 15:14:02] EDIT ascli/controllers/ventas.py: 0
[2016-09-19 15:15:49] EDIT ascli/controllers/ventas.py: 0
[2016-09-19 15:16:08] EDIT ascli/controllers/ventas.py: 0
[2016-09-19 15:16:08] EDIT ascli/controllers/ventas.py: 0
[2016-09-19 15:17:03] EDIT ascli/controllers/ventas.py: 0
[2016-09-19 15:19:44] EDIT ascli/views/ventas/index.html: 5
[2016-09-19 15:20:14] EDIT ascli/controllers/ventas.py: 0
[2016-09-19 15:20:44] EDIT ascli/views/ventas/index.html: 0
[2016-09-19 15:23:31] EDIT ascli/views/ventas/index.html: 0
[2016-09-19 15:23:32] EDIT ascli/views/ventas/index.html: 0
[2016-09-19 15:34:35] EDIT ascli/views/ventas/index.html: 0
[2016-09-19 15:36:48] EDIT ascli/views/ventas/index.html: 1
[2016-09-19 15:38:59] EDIT ascli/views/ventas/index.html: 0
[2016-09-19 15:40:22] EDIT ascli/views/ventas/index.html: 0
[2016-09-19 15:40:22] EDIT ascli/views/ventas/index.html: 0
[2016-09-19 15:41:00] EDIT ascli/views/ventas/index.html: 0
[2016-09-19 15:41:00] EDIT ascli/views/ventas/index.html: 0
[2016-09-19 15:42:19] EDIT ascli/views/ventas/index.html: 0
[2016-09-19 15:42:19] EDIT ascli/views/ventas/index.html: 0
[2016-09-19 15:45:17] EDIT ascli/views/ventas/index.html: 1
[2016-09-19 15:45:17] EDIT ascli/views/ventas/index.html: 0
[2016-09-19 15:45:33] EDIT ascli/views/ventas/index.html: 0
[2016-09-19 15:45:47] EDIT ascli/views/ventas/index.html: 0
[2016-09-19 15:45:47] EDIT ascli/views/ventas/index.html: 0
[2016-09-19 15:49:47] EDIT ascli/models/menu.py: 0
[2016-09-19 15:50:13] EDIT ascli/models/menu.py: 0
[2016-09-19 15:50:13] EDIT ascli/models/menu.py: 0
[2016-09-19 15:50:27] EDIT ascli/models/menu.py: 0
[2016-09-19 15:50:27] EDIT ascli/models/menu.py: 0
[2016-09-19 15:50:42] EDIT ascli/models/menu.py: 0
[2016-09-19 15:50:43] EDIT ascli/models/menu.py: 0
[2016-09-19 15:50:51] EDIT ascli/models/menu.py: 0
[2016-09-19 15:50:52] EDIT ascli/models/menu.py: 0
[2016-09-19 15:52:52] EDIT ascli/views/layoutsinmenu.html: 1
[2016-09-19 15:52:52] EDIT ascli/views/layoutsinmenu.html: 0
[2016-09-19 15:53:45] EDIT ascli/views/layoutsinmenu.html: 2
[2016-09-19 15:53:45] EDIT ascli/views/layoutsinmenu.html: 0
[2016-09-19 15:54:25] EDIT ascli/views/layoutsinmenu.html: 0
[2016-09-19 15:54:26] EDIT ascli/views/layoutsinmenu.html: 0
[2016-09-19 15:54:52] EDIT ascli/views/layoutsinmenu.html: 0
[2016-09-19 15:54:52] EDIT ascli/views/layoutsinmenu.html: 0
[2016-09-19 15:55:11] EDIT ascli/views/layoutsinmenu.html: 0
[2016-09-19 15:55:12] EDIT ascli/views/layoutsinmenu.html: 0
[2016-09-19 15:55:33] EDIT ascli/views/layoutsinmenu.html: 0
[2016-09-19 15:55:33] EDIT ascli/views/layoutsinmenu.html: 0
[2016-09-19 15:56:20] EDIT ascli/views/layoutsinmenu.html: 0
[2016-09-19 15:56:20] EDIT ascli/views/layoutsinmenu.html: 0
[2016-09-19 15:59:11] EDIT ascli/views/layoutsinmenu.html: 1
[2016-09-19 16:02:49] EDIT ascli/views/layoutsinmenu.html: -1
[2016-09-19 16:03:09] EDIT ascli/views/layoutsinmenu.html: 0
[2016-09-19 16:03:21] EDIT ascli/views/layoutsinmenu.html: 0
[2016-09-19 16:04:09] EDIT ascli/views/layoutsinmenu.html: -3
[2016-09-19 16:06:34] EDIT ascli/views/layoutsinmenu.html: 1
[2016-09-19 16:07:19] EDIT ascli/models/menu.py: 1
[2016-09-19 16:08:15] EDIT ascli/views/layoutsinmenu.html: 0
[2016-09-19 16:08:16] EDIT ascli/views/layoutsinmenu.html: 0
[2016-09-19 16:08:26] EDIT ascli/models/menu.py: -1
[2016-09-19 16:08:26] EDIT ascli/models/menu.py: 0
[2016-09-19 16:10:26] EDIT ascli/models/menu.py: 0
[2016-09-19 16:11:52] EDIT ascli/models/menu.py: 0
[2016-09-19 16:12:11] EDIT ascli/models/menu.py: 0
[2016-09-19 16:12:18] EDIT ascli/models/menu.py: 0
[2016-09-19 16:12:19] EDIT ascli/models/menu.py: 0
[2016-09-19 16:12:34] EDIT ascli/models/menu.py: 0
[2016-09-19 16:12:54] EDIT ascli/models/menu.py: 0
[2016-09-19 16:13:14] EDIT ascli/models/menu.py: 0
[2016-09-19 16:14:15] EDIT ascli/models/menu.py: 0
[2016-09-19 16:14:38] EDIT ascli/models/menu.py: 2
[2016-09-19 16:14:38] EDIT ascli/models/menu.py: 0
[2016-09-19 16:15:10] EDIT ascli/models/menu.py: -1
[2016-09-19 16:15:48] EDIT ascli/models/menu.py: 0
[2016-09-19 16:15:57] EDIT ascli/models/menu.py: 0
[2016-09-19 16:16:10] EDIT ascli/models/menu.py: 0
[2016-09-19 16:17:34] EDIT ascli/models/menu.py: 0
[2016-09-19 16:17:47] EDIT ascli/models/menu.py: 0
[2016-09-19 16:17:53] EDIT ascli/models/menu.py: 0
[2016-09-19 16:18:05] EDIT ascli/models/menu.py: 0
[2016-09-19 16:18:31] EDIT ascli/models/menu.py: 0
[2016-09-19 16:18:54] EDIT ascli/models/menu.py: 0
[2016-09-19 16:19:04] EDIT ascli/models/menu.py: 0
[2016-09-19 16:19:05] EDIT ascli/models/menu.py: 0
[2016-09-19 16:19:26] EDIT ascli/models/menu.py: 0
[2016-09-19 16:19:37] EDIT ascli/models/menu.py: 0
[2016-09-19 16:19:56] EDIT ascli/models/menu.py: 0
[2016-09-19 16:20:03] EDIT ascli/models/menu.py: -1
[2016-09-19 16:20:19] EDIT ascli/models/menu.py: 0
[2016-09-19 16:20:35] EDIT ascli/models/menu.py: 1
[2016-09-20 08:50:50] EDIT ascli/views/ventas/index.html: 5
[2016-09-20 08:52:41] EDIT ascli/views/ventas/index.html: 0
[2016-09-20 09:31:35] EDIT ascli/views/ventas/index.html: 3
[2016-09-20 09:31:54] EDIT ascli/views/ventas/index.html: 0
[2016-09-20 09:34:09] EDIT ascli/views/ventas/index.html: 1
[2016-09-20 09:36:21] EDIT ascli/views/ventas/index.html: 6
[2016-09-20 09:37:12] EDIT ascli/views/ventas/index.html: 1
[2016-09-20 09:37:12] EDIT ascli/views/ventas/index.html: 0
[2016-09-20 09:37:37] EDIT ascli/views/ventas/index.html: 0
[2016-09-20 09:38:35] EDIT ascli/views/ventas/index.html: 1
[2016-09-20 09:38:35] EDIT ascli/views/ventas/index.html: 0
[2016-09-20 09:43:23] EDIT ascli/views/ventas/index.html: 4
[2016-09-20 10:19:43] EDIT ascli/views/ventas/index.html: 10
[2016-09-20 10:19:59] EDIT ascli/views/ventas/index.html: 0
[2016-09-20 10:21:08] EDIT ascli/views/ventas/index.html: 2
[2016-09-20 10:25:13] EDIT ascli/views/ventas/index.html: 0
[2016-09-20 10:25:13] EDIT ascli/views/ventas/index.html: 0
[2016-09-20 10:28:18] EDIT ascli/views/ventas/index.html: 3
[2016-09-20 10:28:18] EDIT ascli/views/ventas/index.html: 0
[2016-09-20 10:29:50] EDIT ascli/views/ventas/index.html: 0
[2016-09-20 10:29:50] EDIT ascli/views/ventas/index.html: 0
[2016-09-20 10:35:02] EDIT ascli/views/ventas/index.html: 1
[2016-09-20 10:35:46] EDIT ascli/views/ventas/index.html: -1
[2016-09-20 10:35:46] EDIT ascli/views/ventas/index.html: 0
[2016-09-20 11:08:11] EDIT ascli/views/ventas/index.html: 5
[2016-09-20 11:08:12] EDIT ascli/views/ventas/index.html: 0
[2016-09-20 11:09:41] EDIT ascli/views/ventas/index.html: 0
[2016-09-20 11:09:41] EDIT ascli/views/ventas/index.html: 0
[2016-09-20 11:11:49] EDIT ascli/views/ventas/index.html: 0
[2016-09-20 11:11:49] EDIT ascli/views/ventas/index.html: 0
[2016-09-20 11:13:39] EDIT ascli/views/ventas/index.html: 0
[2016-09-20 11:13:39] EDIT ascli/views/ventas/index.html: 0
[2016-09-20 11:13:45] EDIT ascli/views/ventas/index.html: 0
[2016-09-20 11:13:45] EDIT ascli/views/ventas/index.html: 0
[2016-09-20 11:14:17] EDIT ascli/views/ventas/index.html: 0
[2016-09-20 11:14:17] EDIT ascli/views/ventas/index.html: 0
[2016-09-20 11:17:23] EDIT ascli/views/ventas/index.html: 1
[2016-09-20 11:17:23] EDIT ascli/views/ventas/index.html: 0
[2016-09-20 11:17:49] EDIT ascli/views/ventas/index.html: 0
[2016-09-20 11:17:49] EDIT ascli/views/ventas/index.html: 0
[2016-09-20 11:18:40] EDIT ascli/views/ventas/index.html: -1
[2016-09-20 11:18:41] EDIT ascli/views/ventas/index.html: 0
[2016-09-20 11:19:08] EDIT ascli/views/ventas/index.html: 0
[2016-09-20 11:19:08] EDIT ascli/views/ventas/index.html: 0
[2016-09-20 11:21:04] EDIT ascli/views/ventas/index.html: 3
[2016-09-20 11:21:04] EDIT ascli/views/ventas/index.html: 0
[2016-09-20 11:21:26] EDIT ascli/views/ventas/index.html: 0
[2016-09-20 11:21:26] EDIT ascli/views/ventas/index.html: 0
[2016-09-20 11:24:41] EDIT ascli/views/ventas/index.html: -3
[2016-09-20 11:24:41] EDIT ascli/views/ventas/index.html: 0
[2016-09-20 11:28:54] EDIT ascli/views/ventas/index.html: 1
[2016-09-20 11:28:58] EDIT ascli/views/ventas/index.html: 0
[2016-09-20 11:28:58] EDIT ascli/views/ventas/index.html: 0
[2016-09-20 11:33:10] EDIT ascli/views/ventas/index.html: 7
[2016-09-20 11:33:10] EDIT ascli/views/ventas/index.html: 0
[2016-09-20 11:33:52] EDIT ascli/views/ventas/index.html: -1
[2016-09-20 11:33:52] EDIT ascli/views/ventas/index.html: 0
[2016-09-20 11:34:11] EDIT ascli/views/ventas/index.html: 0
[2016-09-20 11:34:32] EDIT ascli/views/ventas/index.html: 0
[2016-09-20 14:02:54] EDIT ascli/views/ventas/index.html: 1
[2016-09-20 14:03:15] EDIT ascli/views/ventas/index.html: 0
[2016-09-20 14:03:16] EDIT ascli/views/ventas/index.html: 0
[2016-09-20 14:04:42] EDIT ascli/views/ventas/index.html: 0
[2016-09-20 14:04:44] EDIT ascli/views/ventas/index.html: 0
[2016-09-20 14:05:53] EDIT ascli/views/ventas/index.html: 0
[2016-09-20 14:05:54] EDIT ascli/views/ventas/index.html: 0
[2016-09-20 14:07:10] EDIT ascli/views/ventas/index.html: 0
[2016-09-20 14:07:11] EDIT ascli/views/ventas/index.html: 0
[2016-09-20 14:09:08] EDIT ascli/views/ventas/index.html: 0
[2016-09-20 14:09:08] EDIT ascli/views/ventas/index.html: 0
[2016-09-20 14:10:01] EDIT ascli/views/ventas/index.html: 1
[2016-09-20 14:10:02] EDIT ascli/views/ventas/index.html: 0
[2016-09-20 14:14:35] EDIT ascli/views/ventas/index.html: 0
[2016-09-20 14:16:27] EDIT ascli/views/ventas/index.html: 1
[2016-09-20 14:16:51] EDIT ascli/views/ventas/index.html: 1
[2016-09-20 14:16:52] EDIT ascli/views/ventas/index.html: 0
[2016-09-20 14:17:50] EDIT ascli/views/ventas/index.html: 0
[2016-09-20 14:17:50] EDIT ascli/views/ventas/index.html: 0
[2016-09-20 14:20:12] EDIT ascli/views/ventas/index.html: 8
[2016-09-20 14:20:29] EDIT ascli/views/ventas/index.html: 0
[2016-09-20 14:20:29] EDIT ascli/views/ventas/index.html: 0
[2016-09-20 14:23:27] EDIT ascli/views/ventas/index.html: -5
[2016-09-20 14:23:27] EDIT ascli/views/ventas/index.html: 0
[2016-09-20 14:24:51] EDIT ascli/views/ventas/index.html: 1
[2016-09-20 14:24:51] EDIT ascli/views/ventas/index.html: 0
[2016-09-20 14:27:39] EDIT ascli/views/ventas/index.html: -1
[2016-09-20 14:27:39] EDIT ascli/views/ventas/index.html: 0
[2016-09-20 14:32:02] EDIT ascli/views/ventas/index.html: 1
[2016-09-20 14:32:23] EDIT ascli/views/ventas/index.html: 0
[2016-09-20 14:34:27] EDIT ascli/views/ventas/index.html: -3
[2016-09-20 14:34:27] EDIT ascli/views/ventas/index.html: 0
[2016-09-20 14:38:20] EDIT ascli/views/ventas/index.html: 0
[2016-09-20 14:38:21] EDIT ascli/views/ventas/index.html: 0
[2016-09-20 14:38:56] EDIT ascli/views/ventas/index.html: 0
[2016-09-20 14:38:56] EDIT ascli/views/ventas/index.html: 0
[2016-09-20 14:41:04] EDIT ascli/views/ventas/index.html: 0
[2016-09-20 14:41:04] EDIT ascli/views/ventas/index.html: 0
[2016-09-20 14:42:09] EDIT ascli/views/ventas/index.html: 0
[2016-09-20 14:42:09] EDIT ascli/views/ventas/index.html: 0
[2016-09-20 14:42:12] EDIT ascli/views/ventas/index.html: 0
[2016-09-20 14:44:17] EDIT ascli/views/ventas/index.html: 0
[2016-09-20 14:44:17] EDIT ascli/views/ventas/index.html: 0
[2016-09-20 14:45:41] EDIT ascli/views/ventas/index.html: 0
[2016-09-20 14:45:41] EDIT ascli/views/ventas/index.html: 0
[2016-09-20 15:02:18] EDIT ascli/views/ventas/index.html: 3
[2016-09-20 15:02:18] EDIT ascli/views/ventas/index.html: 0
[2016-09-20 15:02:30] EDIT ascli/views/ventas/index.html: -2
[2016-09-20 15:02:31] EDIT ascli/views/ventas/index.html: 0
[2016-09-20 15:03:19] EDIT ascli/views/ventas/index.html: 0
[2016-09-20 15:03:19] EDIT ascli/views/ventas/index.html: 0
[2016-09-20 15:05:24] EDIT ascli/views/ventas/index.html: 0
[2016-09-20 15:05:25] EDIT ascli/views/ventas/index.html: 0
[2016-09-20 15:08:39] EDIT ascli/controllers/ventas.py: -1
[2016-09-20 15:08:39] EDIT ascli/controllers/ventas.py: 0
[2016-09-20 15:09:15] EDIT ascli/views/ventas/index.html: 1
[2016-09-20 15:09:15] EDIT ascli/views/ventas/index.html: 0
[2016-09-20 15:10:13] EDIT ascli/views/ventas/index.html: 1
[2016-09-20 15:10:13] EDIT ascli/views/ventas/index.html: 0
[2016-09-20 15:10:40] EDIT ascli/views/ventas/index.html: 0
[2016-09-20 15:10:40] EDIT ascli/views/ventas/index.html: 0
[2016-09-20 15:11:28] EDIT ascli/views/ventas/index.html: 1
[2016-09-20 15:11:28] EDIT ascli/views/ventas/index.html: 0
[2016-09-20 15:12:00] EDIT ascli/views/ventas/index.html: 0
[2016-09-20 15:12:00] EDIT ascli/views/ventas/index.html: 0
[2016-09-20 15:12:49] EDIT ascli/views/ventas/index.html: 0
[2016-09-20 15:12:49] EDIT ascli/views/ventas/index.html: 0
[2016-09-20 15:18:07] EDIT ascli/controllers/ventas.py: 0
[2016-09-20 15:18:08] EDIT ascli/controllers/ventas.py: 0
[2016-09-20 15:30:02] EDIT ascli/controllers/ventas.py: 2
[2016-09-20 15:30:03] EDIT ascli/controllers/ventas.py: 0
[2016-09-20 15:36:42] EDIT ascli/controllers/ventas.py: -1
[2016-09-20 15:37:36] EDIT ascli/views/ventas/index.html: -3
[2016-09-20 15:37:36] EDIT ascli/views/ventas/index.html: 0
[2016-09-21 07:17:45] EDIT ascli/views/ventas/index.html: 9
[2016-09-21 07:20:09] EDIT ascli/views/ventas/index.html: 0
[2016-09-21 07:20:09] EDIT ascli/views/ventas/index.html: 0
[2016-09-21 07:21:31] EDIT ascli/views/ventas/index.html: 0
[2016-09-21 07:21:37] EDIT ascli/views/ventas/index.html: 0
[2016-09-21 07:21:38] EDIT ascli/views/ventas/index.html: 0
[2016-09-21 07:23:16] EDIT ascli/views/ventas/index.html: 1
[2016-09-21 07:23:16] EDIT ascli/views/ventas/index.html: 0
[2016-09-21 07:24:39] EDIT ascli/views/ventas/index.html: 0
[2016-09-21 07:24:39] EDIT ascli/views/ventas/index.html: 0
[2016-09-21 07:25:36] EDIT ascli/views/ventas/index.html: 0
[2016-09-21 07:25:36] EDIT ascli/views/ventas/index.html: 0
[2016-09-21 07:27:01] EDIT ascli/views/ventas/index.html: 0
[2016-09-21 07:27:01] EDIT ascli/views/ventas/index.html: 0
[2016-09-21 07:27:09] EDIT ascli/views/ventas/index.html: 0
[2016-09-21 07:27:09] EDIT ascli/views/ventas/index.html: 0
[2016-09-21 07:27:19] EDIT ascli/views/ventas/index.html: 0
[2016-09-21 07:27:19] EDIT ascli/views/ventas/index.html: 0
[2016-09-21 07:27:20] EDIT ascli/views/ventas/index.html: 0
[2016-09-21 07:29:30] EDIT ascli/views/ventas/index.html: 8
[2016-09-21 07:29:31] EDIT ascli/views/ventas/index.html: 0
[2016-09-21 07:29:52] EDIT ascli/views/ventas/index.html: 0
[2016-09-21 07:29:52] EDIT ascli/views/ventas/index.html: 0
[2016-09-21 07:31:15] EDIT ascli/views/ventas/index.html: 1
[2016-09-21 07:31:44] EDIT ascli/views/ventas/index.html: -9
[2016-09-21 07:39:49] EDIT ascli/views/ventas/index.html: 8
[2016-09-21 07:54:33] EDIT ascli/views/ventas/index.html: 0
[2016-09-21 07:54:33] EDIT ascli/views/ventas/index.html: 0
[2016-09-21 07:55:43] EDIT ascli/views/ventas/index.html: 0
[2016-09-21 07:55:43] EDIT ascli/views/ventas/index.html: 0
[2016-09-21 08:08:19] EDIT ascli/views/ventas/index.html: 3
[2016-09-21 08:08:19] EDIT ascli/views/ventas/index.html: 0
[2016-09-21 08:08:19] EDIT ascli/views/ventas/index.html: 0
[2016-09-21 10:10:29] EDIT ascli/views/ventas/index.html: 1
[2016-09-21 10:10:29] EDIT ascli/views/ventas/index.html: 0
[2016-09-21 10:49:00] EDIT ascli/controllers/ventas.py: 4
[2016-09-21 10:50:57] EDIT ascli/controllers/ventas.py: 0
[2016-09-21 10:50:57] EDIT ascli/controllers/ventas.py: 0
[2016-09-21 10:51:54] EDIT ascli/controllers/ventas.py: 0
[2016-09-21 10:51:54] EDIT ascli/controllers/ventas.py: 0
[2016-09-21 10:53:42] EDIT ascli/controllers/ventas.py: 0
[2016-09-21 10:53:42] EDIT ascli/controllers/ventas.py: 0
[2016-09-21 11:21:52] EDIT ascli/views/ventas/index.html: 12
[2016-09-21 11:21:52] EDIT ascli/views/ventas/index.html: 0
[2016-09-21 11:23:09] EDIT ascli/views/ventas/index.html: -5
[2016-09-21 11:23:58] EDIT ascli/views/ventas/index.html: 0
[2016-09-21 11:26:09] EDIT ascli/views/ventas/index.html: 0
[2016-09-21 11:27:12] EDIT ascli/views/ventas/index.html: 1
[2016-09-21 11:28:37] EDIT ascli/views/ventas/index.html: 1
[2016-09-21 11:29:28] EDIT ascli/views/ventas/index.html: -1
[2016-09-21 11:29:28] EDIT ascli/views/ventas/index.html: 0
[2016-09-21 11:32:14] EDIT ascli/views/ventas/index.html: 1
[2016-09-21 11:32:15] EDIT ascli/views/ventas/index.html: 0
[2016-09-21 11:32:24] EDIT ascli/views/ventas/index.html: 0
[2016-09-21 11:32:53] EDIT ascli/views/ventas/index.html: 0
[2016-09-21 11:32:54] EDIT ascli/views/ventas/index.html: 0
[2016-09-21 11:32:54] EDIT ascli/views/ventas/index.html: 0
[2016-09-21 11:33:59] EDIT ascli/views/ventas/index.html: 0
[2016-09-21 11:34:00] EDIT ascli/views/ventas/index.html: 0
[2016-09-21 11:35:05] EDIT ascli/views/ventas/index.html: 0
[2016-09-21 11:36:05] EDIT ascli/controllers/ventas.py: 0
[2016-09-21 11:36:38] EDIT ascli/controllers/ventas.py: 0
[2016-09-21 11:36:38] EDIT ascli/controllers/ventas.py: 0
[2016-09-21 11:38:38] EDIT ascli/views/ventas/index.html: -1
[2016-09-21 11:38:38] EDIT ascli/views/ventas/index.html: 0
[2016-09-21 11:39:27] EDIT ascli/controllers/ventas.py: 0
[2016-09-21 11:39:27] EDIT ascli/controllers/ventas.py: 0
[2016-09-21 11:41:03] EDIT ascli/views/ventas/index.html: 0
[2016-09-21 11:41:03] EDIT ascli/views/ventas/index.html: 0
[2016-09-21 11:42:40] EDIT ascli/controllers/ventas.py: 0
[2016-09-21 11:43:59] EDIT ascli/views/ventas/index.html: 0
[2016-09-21 11:44:02] EDIT ascli/views/ventas/index.html: 0
[2016-09-21 11:44:03] EDIT ascli/views/ventas/index.html: 0
[2016-09-21 14:04:26] EDIT ascli/views/ventas/index.html: 1
[2016-09-21 14:14:36] EDIT ascli/views/ventas/index.html: 0
[2016-09-21 14:14:36] EDIT ascli/views/ventas/index.html: 0
[2016-09-21 14:14:42] EDIT ascli/views/ventas/index.html: 0
[2016-09-21 14:15:13] EDIT ascli/views/ventas/index.html: 0
[2016-09-21 14:15:13] EDIT ascli/views/ventas/index.html: 0
[2016-09-21 14:15:48] EDIT ascli/views/ventas/index.html: 0
[2016-09-21 14:16:52] EDIT ascli/views/ventas/index.html: 0
[2016-09-21 14:16:52] EDIT ascli/views/ventas/index.html: 0
[2016-09-21 14:17:15] EDIT ascli/views/ventas/index.html: 0
[2016-09-21 14:17:15] EDIT ascli/views/ventas/index.html: 0
[2016-09-21 14:17:34] EDIT ascli/views/ventas/index.html: 0
[2016-09-21 14:17:34] EDIT ascli/views/ventas/index.html: 0
[2016-09-21 14:17:51] EDIT ascli/views/ventas/index.html: 0
[2016-09-21 14:17:51] EDIT ascli/views/ventas/index.html: 0
[2016-09-21 14:18:00] EDIT ascli/views/ventas/index.html: 0
[2016-09-21 14:18:00] EDIT ascli/views/ventas/index.html: 0
[2016-09-21 14:18:09] EDIT ascli/views/ventas/index.html: 0
[2016-09-21 14:18:09] EDIT ascli/views/ventas/index.html: 0
[2016-09-21 14:18:21] EDIT ascli/views/ventas/index.html: 0
[2016-09-21 14:18:21] EDIT ascli/views/ventas/index.html: 0
[2016-09-21 14:23:39] EDIT ascli/views/ventas/index.html: -1
[2016-09-21 14:23:39] EDIT ascli/views/ventas/index.html: 0
[2016-09-21 14:23:57] EDIT ascli/views/ventas/index.html: 0
[2016-09-21 14:23:58] EDIT ascli/views/ventas/index.html: 0
[2016-09-21 14:24:20] EDIT ascli/views/ventas/index.html: 0
[2016-09-21 14:44:04] EDIT ascli/models/dbascli.py: 4
[2016-09-21 14:44:13] EDIT ascli/models/dbascli.py: 0
[2016-09-21 14:48:54] EDIT ascli/models/dbascli.py: 0
[2016-09-21 14:57:43] EDIT ascli/models/dbascli.py: 0
[2016-09-21 14:57:49] EDIT ascli/models/dbascli.py: 0
[2016-09-21 14:58:37] CREATE configuracion.py: 0
[2016-09-21 15:00:20] EDIT ascli/controllers/configuracion.py: 7
[2016-09-21 15:01:44] EDIT ascli/controllers/configuracion.py: 0
[2016-09-21 15:01:57] EDIT ascli/controllers/configuracion.py: 0
[2016-09-21 15:01:58] EDIT ascli/controllers/configuracion.py: 0
[2016-09-21 15:02:03] EDIT ascli/models/menu.py: 3
[2016-09-21 15:04:43] EDIT ascli/controllers/configuracion.py: 0
[2016-09-21 15:05:20] EDIT ascli/models/dbascli.py: 0
[2016-09-21 15:05:50] EDIT ascli/models/dbascli.py: 0
[2016-09-21 15:06:00] EDIT ascli/models/dbascli.py: 0
[2016-09-21 15:06:00] EDIT ascli/models/dbascli.py: 0
[2016-09-21 15:06:12] EDIT ascli/models/dbascli.py: 0
[2016-09-21 15:06:20] EDIT ascli/controllers/configuracion.py: 0
[2016-09-21 15:11:58] EDIT ascli/controllers/ventas.py: 5
[2016-09-21 15:12:21] EDIT ascli/controllers/ventas.py: 0
[2016-09-21 15:12:21] EDIT ascli/controllers/ventas.py: 0
[2016-09-21 15:12:48] EDIT ascli/controllers/ventas.py: 0
[2016-09-21 15:12:48] EDIT ascli/controllers/ventas.py: 0
[2016-09-21 15:13:27] EDIT ascli/controllers/ventas.py: 0
[2016-09-21 15:13:28] EDIT ascli/controllers/ventas.py: 0
[2016-09-22 10:18:08] EDIT ascli/controllers/configuracion.py: -4
[2016-09-22 10:48:04] EDIT ascli/models/dbascli.py: 2
[2016-09-22 10:48:04] EDIT ascli/models/dbascli.py: 0
[2016-09-22 10:48:06] EDIT ascli/models/dbascli.py: 0
[2016-09-22 10:48:10] EDIT ascli/models/dbascli.py: 0
[2016-09-22 10:48:48] EDIT ascli/models/dbascli.py: 0
[2016-09-22 10:49:17] EDIT ascli/models/dbascli.py: 0
[2016-09-22 10:49:22] EDIT ascli/models/dbascli.py: 0
[2016-09-22 10:50:09] EDIT ascli/models/dbascli.py: 0
[2016-09-22 10:50:14] EDIT ascli/models/dbascli.py: 0
[2016-09-22 10:51:26] EDIT ascli/models/dbascli.py: 0
[2016-09-22 10:51:32] EDIT ascli/models/dbascli.py: 0
[2016-09-22 10:51:43] EDIT ascli/models/dbascli.py: 0
[2016-09-22 10:51:59] EDIT ascli/models/dbascli.py: 0
[2016-09-22 10:52:12] EDIT ascli/models/dbascli.py: 0
[2016-09-22 10:52:45] EDIT ascli/models/dbascli.py: 0
[2016-09-22 10:53:27] EDIT ascli/models/dbascli.py: -1
[2016-09-22 10:53:46] EDIT ascli/models/dbascli.py: 0
[2016-09-22 10:54:04] EDIT ascli/models/dbascli.py: 0
[2016-09-22 10:54:30] EDIT ascli/models/dbascli.py: 0
[2016-09-22 10:54:57] EDIT ascli/models/dbascli.py: 0
[2016-09-22 11:13:08] EDIT ascli/controllers/Productos.py: 0
[2016-09-22 11:24:57] EDIT ascli/models/dbascli.py: 0
[2016-09-22 14:39:47] EDIT ascli/models/dbascli.py: 0
[2016-09-22 14:45:45] EDIT ascli/views/ventas/index.html: 0
[2016-09-22 14:47:06] EDIT ascli/views/ventas/index.html: 2
[2016-09-22 14:48:47] EDIT ascli/views/ventas/index.html: 1
[2016-09-22 14:49:11] EDIT ascli/views/ventas/index.html: 1
[2016-09-22 14:49:43] EDIT ascli/controllers/ventas.py: 0
[2016-09-22 14:49:47] EDIT ascli/views/ventas/index.html: 0
[2016-09-22 14:59:12] EDIT ascli/views/ventas/index.html: 3
[2016-09-22 15:05:58] EDIT ascli/views/ventas/index.html: 0
[2016-09-22 15:05:59] EDIT ascli/views/ventas/index.html: 0
[2016-09-22 15:06:02] EDIT ascli/controllers/ventas.py: -4
[2016-09-22 15:06:11] EDIT ascli/controllers/ventas.py: 0
[2016-09-22 15:06:58] EDIT ascli/controllers/ventas.py: 0
[2016-09-22 15:07:09] EDIT ascli/controllers/ventas.py: 0
[2016-09-22 15:11:43] EDIT ascli/controllers/ventas.py: 1
[2016-09-22 15:12:19] EDIT ascli/controllers/ventas.py: 0
[2016-09-22 15:12:31] EDIT ascli/controllers/ventas.py: 0
[2016-09-22 15:12:32] EDIT ascli/controllers/ventas.py: 0
[2016-09-22 15:12:33] EDIT ascli/controllers/ventas.py: 0
[2016-09-22 15:12:45] EDIT ascli/controllers/ventas.py: 0
[2016-09-22 15:13:51] EDIT ascli/controllers/ventas.py: 0
[2016-09-22 15:14:06] EDIT ascli/controllers/ventas.py: -4
[2016-09-22 15:14:07] EDIT ascli/controllers/ventas.py: 0
[2016-09-22 15:14:08] EDIT ascli/controllers/ventas.py: 0
[2016-09-22 15:14:08] EDIT ascli/controllers/ventas.py: 0
[2016-09-22 15:14:15] EDIT ascli/controllers/ventas.py: 0
[2016-09-22 15:14:47] EDIT ascli/controllers/ventas.py: 0
[2016-09-22 15:14:57] EDIT ascli/controllers/ventas.py: -1
[2016-09-22 15:16:22] EDIT ascli/controllers/ventas.py: 4
[2016-09-22 15:16:25] EDIT ascli/controllers/ventas.py: 0
[2016-09-22 15:18:59] EDIT ascli/controllers/ventas.py: 0
[2016-09-22 15:18:59] EDIT ascli/controllers/ventas.py: 0
[2016-09-22 15:23:39] EDIT ascli/controllers/ventas.py: 0
[2016-09-22 15:23:39] EDIT ascli/controllers/ventas.py: 0
[2016-09-22 15:23:51] EDIT ascli/controllers/ventas.py: 0
[2016-09-22 15:25:09] EDIT ascli/controllers/ventas.py: 0
[2016-09-22 15:25:09] EDIT ascli/controllers/ventas.py: 0
[2016-09-22 15:30:35] EDIT ascli/controllers/ventas.py: 2
[2016-09-22 16:42:56] EDIT ascli/views/ventas/index.html: 8
[2016-09-22 16:45:51] EDIT ascli/views/ventas/index.html: -6
[2016-09-22 16:47:47] EDIT ascli/views/ventas/index.html: -1
[2016-09-22 16:49:34] EDIT ascli/views/ventas/index.html: 0
[2016-09-22 16:51:39] EDIT ascli/views/ventas/index.html: 0
[2016-09-22 16:54:41] EDIT ascli/views/ventas/index.html: 1
[2016-09-22 16:54:41] EDIT ascli/views/ventas/index.html: 0
[2016-09-22 16:55:52] EDIT ascli/views/ventas/index.html: 1
[2016-09-22 16:55:58] EDIT ascli/views/ventas/index.html: 0
[2016-09-22 16:57:30] EDIT ascli/views/ventas/index.html: 0
[2016-09-23 08:41:29] EDIT ascli/views/ventas/index.html: 1
[2016-09-23 08:41:30] EDIT ascli/views/ventas/index.html: 0
[2016-09-23 08:47:32] EDIT ascli/views/ventas/index.html: 0
[2016-09-23 08:47:34] EDIT ascli/views/ventas/index.html: 0
[2016-09-23 08:50:22] EDIT ascli/views/ventas/index.html: 0
[2016-09-23 08:51:14] EDIT ascli/views/ventas/index.html: 0
[2016-09-23 08:52:20] EDIT ascli/views/ventas/index.html: 0
[2016-09-23 08:52:20] EDIT ascli/views/ventas/index.html: 0
[2016-09-23 08:53:52] EDIT ascli/views/ventas/index.html: 1
[2016-09-23 08:53:52] EDIT ascli/views/ventas/index.html: 0
[2016-09-23 09:09:55] EDIT ascli/views/ventas/index.html: 0
[2016-09-23 09:09:56] EDIT ascli/views/ventas/index.html: 0
[2016-09-23 09:10:33] EDIT ascli/views/ventas/index.html: 0
[2016-09-23 10:50:48] EDIT ascli/views/ventas/index.html: 0
[2016-09-23 11:57:31] EDIT ascli/models/dbascli.py: 1
[2016-09-23 11:57:59] EDIT ascli/models/dbascli.py: 0
[2016-09-23 11:58:17] EDIT ascli/models/dbascli.py: 0
[2016-09-23 11:58:31] EDIT ascli/models/dbascli.py: 0
[2016-09-23 11:58:35] EDIT ascli/models/dbascli.py: 0
[2016-09-23 11:58:50] EDIT ascli/models/dbascli.py: 0
[2016-09-23 11:59:09] EDIT ascli/models/dbascli.py: 0
[2016-09-28 15:07:58] EDIT ascli/controllers/ventas.py: 5
[2016-09-28 15:08:12] EDIT ascli/controllers/ventas.py: 0
[2016-09-28 16:17:54] EDIT ascli/views/ventas/index.html: 4
[2016-09-28 16:24:10] EDIT ascli/controllers/ventas.py: 0
[2016-09-28 16:25:32] EDIT ascli/controllers/ventas.py: 1
[2016-09-28 16:33:55] EDIT ascli/views/ventas/index.html: 1
[2016-09-28 16:33:55] EDIT ascli/views/ventas/index.html: 0
[2016-09-28 16:35:19] EDIT ascli/views/ventas/index.html: 2
[2016-09-28 16:35:23] EDIT ascli/views/ventas/index.html: 0
[2016-09-28 16:35:37] EDIT ascli/views/ventas/index.html: 0
[2016-09-28 16:35:51] EDIT ascli/views/ventas/index.html: 0
[2016-09-28 16:50:35] EDIT ascli/views/ventas/index.html: 0
[2016-09-28 16:53:22] EDIT ascli/views/ventas/index.html: 0
[2016-09-28 16:53:41] EDIT ascli/controllers/ventas.py: 0
[2016-09-29 09:06:15] EDIT ascli/views/ventas/index.html: -2
[2016-09-29 09:06:41] EDIT ascli/controllers/ventas.py: 0
[2016-09-29 14:03:01] EDIT ascli/controllers/ventas.py: 2
[2016-09-29 14:03:20] EDIT ascli/controllers/ventas.py: 0
[2016-09-29 14:09:47] EDIT ascli/controllers/ventas.py: -1
[2016-09-29 14:11:15] EDIT ascli/controllers/ventas.py: 0
[2016-09-29 14:19:14] EDIT ascli/controllers/ventas.py: 0
[2016-09-29 14:20:38] EDIT ascli/controllers/ventas.py: 0
[2016-09-29 14:22:16] EDIT ascli/controllers/ventas.py: 0
[2016-09-29 14:22:43] EDIT ascli/controllers/ventas.py: 0
[2016-09-29 14:46:58] EDIT ascli/controllers/ventas.py: 5
[2016-09-29 14:47:09] EDIT ascli/controllers/ventas.py: 0
[2016-09-29 14:47:24] EDIT ascli/controllers/ventas.py: 0
[2016-09-29 14:49:28] EDIT ascli/controllers/ventas.py: 0
[2016-09-29 14:50:23] EDIT ascli/controllers/ventas.py: 0
[2016-09-29 14:51:52] EDIT ascli/controllers/ventas.py: 0
[2016-09-29 14:54:42] EDIT ascli/controllers/ventas.py: 0
[2016-09-29 14:54:43] EDIT ascli/controllers/ventas.py: 0
[2016-09-29 14:56:47] EDIT ascli/controllers/ventas.py: 0
[2016-09-29 14:56:54] EDIT ascli/controllers/ventas.py: 0
[2016-09-29 15:07:15] EDIT ascli/controllers/ventas.py: -3
[2016-09-29 16:03:17] EDIT ascli/controllers/ventas.py: 10
[2016-09-30 08:16:54] EDIT ascli/models/dbascli.py: 1
[2016-09-30 09:32:15] EDIT ascli/controllers/ventas.py: 3
[2016-09-30 09:35:37] EDIT ascli/controllers/ventas.py: 0
[2016-09-30 10:27:38] EDIT ascli/controllers/ventas.py: 0
[2016-09-30 10:28:24] EDIT ascli/controllers/ventas.py: 0
[2016-09-30 10:31:04] EDIT ascli/controllers/ventas.py: 0
[2016-09-30 10:32:11] EDIT ascli/controllers/ventas.py: 0
[2016-09-30 10:33:18] EDIT ascli/controllers/ventas.py: 0
[2016-09-30 10:38:18] EDIT ascli/controllers/ventas.py: 0
[2016-09-30 10:39:45] EDIT ascli/controllers/ventas.py: 0
[2016-09-30 10:40:53] EDIT ascli/controllers/ventas.py: 0
[2016-09-30 10:41:34] EDIT ascli/controllers/ventas.py: 0
[2016-09-30 13:35:51] EDIT ascli/controllers/ventas.py: 1
[2016-09-30 13:36:55] EDIT ascli/controllers/ventas.py: 0
[2016-09-30 13:37:51] EDIT ascli/controllers/ventas.py: 0
[2016-09-30 13:40:18] EDIT ascli/controllers/ventas.py: 0
[2016-09-30 13:40:31] EDIT ascli/controllers/ventas.py: 0
[2016-09-30 14:16:24] EDIT ascli/controllers/ventas.py: -8
[2016-09-30 14:19:22] EDIT ascli/controllers/ventas.py: 0
[2016-09-30 14:20:20] EDIT ascli/controllers/ventas.py: 0
[2016-09-30 14:20:54] EDIT ascli/controllers/ventas.py: 0
[2016-09-30 14:21:21] EDIT ascli/controllers/ventas.py: 2
[2016-09-30 14:21:30] EDIT ascli/controllers/ventas.py: 0
[2016-10-01 08:54:05] EDIT ascli/views/ventas/index.html: 0
[2016-10-01 09:02:49] EDIT ascli/controllers/ventas.py: 0
[2016-10-01 09:08:06] EDIT ascli/controllers/ventas.py: 0
[2016-10-01 09:08:18] EDIT ascli/controllers/ventas.py: 0
[2016-10-01 09:13:20] EDIT ascli/controllers/ventas.py: 0
[2016-10-01 09:13:59] EDIT ascli/controllers/ventas.py: 0
[2016-10-01 09:18:26] EDIT ascli/controllers/ventas.py: 0
[2016-10-01 09:18:55] EDIT ascli/controllers/ventas.py: 0
[2016-10-01 09:19:24] EDIT ascli/controllers/ventas.py: 0
[2016-10-01 09:22:14] EDIT ascli/controllers/ventas.py: 0
[2016-10-01 09:22:22] EDIT ascli/controllers/ventas.py: 0
[2016-10-01 09:22:22] EDIT ascli/controllers/ventas.py: 0
[2016-10-01 09:23:14] EDIT ascli/controllers/ventas.py: 0
[2016-10-01 09:27:35] EDIT ascli/controllers/ventas.py: 0
[2016-10-01 09:27:55] EDIT ascli/controllers/ventas.py: 1
[2016-10-01 09:28:51] EDIT ascli/controllers/ventas.py: 0
[2016-10-01 09:29:38] EDIT ascli/controllers/ventas.py: 0
[2016-10-01 09:32:08] EDIT ascli/controllers/ventas.py: 0
[2016-10-01 09:38:02] EDIT ascli/controllers/ventas.py: 0
[2016-10-01 09:38:02] EDIT ascli/controllers/ventas.py: 0
[2016-10-01 09:40:44] EDIT ascli/controllers/ventas.py: 0
[2016-10-01 09:43:00] EDIT ascli/models/dbascli.py: 0
[2016-10-01 09:45:56] EDIT ascli/controllers/ventas.py: 0
[2016-10-01 09:55:17] EDIT ascli/controllers/ventas.py: 0
[2016-10-01 09:55:42] EDIT ascli/controllers/ventas.py: 0
[2016-10-01 09:55:42] EDIT ascli/controllers/ventas.py: 0
[2016-10-01 09:55:53] EDIT ascli/controllers/ventas.py: 0
[2016-10-01 10:06:12] EDIT ascli/models/dbascli.py: 1
[2016-10-01 10:06:21] EDIT ascli/models/dbascli.py: 0
[2016-10-01 10:06:50] EDIT ascli/models/dbascli.py: 0
[2016-10-01 10:08:52] EDIT ascli/models/dbascli.py: 1
[2016-10-01 10:10:39] EDIT ascli/models/dbascli.py: 0
[2016-10-01 10:11:11] EDIT ascli/models/dbascli.py: 0
[2016-10-01 10:11:41] EDIT ascli/models/dbascli.py: 0
[2016-10-01 10:12:12] EDIT ascli/models/dbascli.py: 0
[2016-10-01 10:12:50] EDIT ascli/controllers/ventas.py: 0
[2016-10-01 10:13:02] EDIT ascli/controllers/ventas.py: 0
[2016-10-01 10:13:04] EDIT ascli/views/ventas/index.html: 0
[2016-10-01 10:13:07] EDIT ascli/models/dbascli.py: 0
[2016-10-01 10:13:07] EDIT ascli/models/temporales.py: 0
[2016-10-01 11:02:07] EDIT ascli/controllers/ventas.py: 0
[2016-10-01 11:16:06] EDIT ascli/controllers/ventas.py: 0
[2016-10-01 11:16:06] EDIT ascli/controllers/ventas.py: 0
[2016-10-01 11:20:31] EDIT ascli/controllers/ventas.py: 0
[2016-10-01 11:22:42] EDIT ascli/controllers/ventas.py: 0
[2016-10-02 10:14:12] EDIT ascli/controllers/ventas.py: 1
[2016-10-02 10:39:37] EDIT ascli/views/ventas/index.html: 2
[2016-10-02 10:40:29] EDIT ascli/controllers/ventas.py: 1
[2016-10-02 10:48:10] EDIT ascli/controllers/ventas.py: 6
[2016-10-02 10:48:28] EDIT ascli/controllers/ventas.py: 0
[2016-10-02 10:52:11] EDIT ascli/views/ventas/index.html: 0
[2016-10-02 10:52:11] EDIT ascli/views/ventas/index.html: 0
[2016-10-02 10:55:18] EDIT ascli/models/dbascli.py: 0
[2016-10-02 10:55:18] EDIT ascli/models/dbascli.py: 0
[2016-10-02 10:57:12] EDIT ascli/controllers/ventas.py: 0
[2016-10-02 11:01:17] EDIT ascli/controllers/ventas.py: 0
[2016-10-02 11:01:56] EDIT ascli/models/dbascli.py: 0
[2016-10-02 11:28:45] EDIT ascli/controllers/ventas.py: 0
[2016-10-02 11:30:05] EDIT ascli/controllers/ventas.py: 0
[2016-10-02 11:31:19] EDIT ascli/controllers/ventas.py: 0
[2016-10-02 11:31:19] EDIT ascli/controllers/ventas.py: 0
[2016-10-02 11:31:58] EDIT ascli/controllers/ventas.py: 0
[2016-10-02 11:32:21] EDIT ascli/controllers/ventas.py: 0
[2016-10-02 11:32:52] EDIT ascli/controllers/ventas.py: 0
[2016-10-02 11:33:41] EDIT ascli/models/dbascli.py: 0
[2016-10-02 11:33:47] EDIT ascli/models/dbascli.py: 0
[2016-10-02 11:33:58] EDIT ascli/controllers/ventas.py: 0
[2016-10-02 11:36:03] EDIT ascli/controllers/ventas.py: 0
[2016-10-02 11:39:59] EDIT ascli/views/ventas/index.html: 15
[2016-10-02 11:41:25] EDIT ascli/views/ventas/index.html: 2
[2016-10-02 11:41:33] EDIT ascli/views/ventas/index.html: 0
[2016-10-02 11:42:42] EDIT ascli/views/ventas/index.html: -3
[2016-10-02 11:42:42] EDIT ascli/views/ventas/index.html: 0
[2016-10-02 11:43:11] EDIT ascli/views/ventas/index.html: 1
[2016-10-02 11:43:11] EDIT ascli/views/ventas/index.html: 0
[2016-10-02 11:43:35] EDIT ascli/views/ventas/index.html: -1
[2016-10-02 11:43:44] EDIT ascli/views/ventas/index.html: 0
[2016-10-02 11:44:45] EDIT ascli/controllers/ventas.py: 0
[2016-10-02 11:44:59] EDIT ascli/views/ventas/index.html: 0
[2016-10-02 11:45:00] EDIT ascli/views/ventas/index.html: 0
[2016-10-02 11:45:09] EDIT ascli/views/ventas/index.html: 0
[2016-10-02 11:45:50] EDIT ascli/controllers/ventas.py: 0
[2016-10-02 11:46:12] EDIT ascli/views/ventas/index.html: 0
[2016-10-02 11:46:49] EDIT ascli/controllers/ventas.py: 0
[2016-10-02 11:47:11] EDIT ascli/controllers/ventas.py: 0
[2016-10-02 11:49:08] EDIT ascli/views/ventas/index.html: 0
